[INFO][AppLauncher]: Using device: cuda:0
[INFO][AppLauncher]: Loading experience file: /workspace/isaaclab/apps/isaaclab.python.headless.kit
[Info] [carb] Logging to file: /isaac-sim/kit/logs/Kit/Isaac-Sim/5.1/kit_20260620_164328.log
2026-06-20T16:43:29Z [804ms] [Warning] [omni.platforminfo.plugin] failed to open the default display.  Can't verify X Server version.
2026-06-20T16:43:29Z [836ms] [Warning] [omni.usd_config.extension] Enable omni.materialx.libs extension to use MaterialX
2026-06-20T16:43:30Z [2,144ms] [Warning] [carb] Acquiring non optional plugin interface which is not listed as dependency: [omni::physx::IPhysxBenchmarks v1.0] (plugin: <default plugin>), by client: omni.physics.physx.plugin. Add it to CARB_PLUGIN_IMPL_DEPS() macro of a client.
2026-06-20T16:43:31Z [2,816ms] [Warning] [omni.isaac.dynamic_control] omni.isaac.dynamic_control is deprecated as of Isaac Sim 4.5. No action is needed from end-users.

|---------------------------------------------------------------------------------------------|
| Driver Version: 580.159.03    | Graphics API: Vulkan
|=============================================================================================|
| GPU | Name                             | Active | LDA | GPU Memory | Vendor-ID | LUID       |
|     |                                  |        |     |            | Device-ID | UUID       |
|     |                                  |        |     |            | Bus-ID    |            |
|---------------------------------------------------------------------------------------------|
| 0   | NVIDIA L4                        | Yes: 0 |     | 23034   MB | 10de      | 0          |
|     |                                  |        |     |            | 27b8      | 1834a8c7.. |
|     |                                  |        |     |            | 0         |            |
|=============================================================================================|
| OS: 24.04.2 LTS (Noble Numbat) ubuntu, Version: 24.04.2, Kernel: 6.8.0-1007-gcp
| Processor: Intel(R) Xeon(R) CPU @ 2.20GHz
| Cores: 4 | Logical Cores: 8
|---------------------------------------------------------------------------------------------|
| Total Memory (MB): 32093 | Free Memory: 28267
| Total Page/Swap (MB): 16383 | Free Page/Swap: 0
|---------------------------------------------------------------------------------------------|
cat: '/sys/devices/system/cpu/cpu*/cpufreq/scaling_governor': No such file or directory
2026-06-20T16:43:39Z [11,268ms] [Warning] [gpu.foundation.plugin] ECC is enabled on physical device 0
2026-06-20T16:43:46Z [18,175ms] [Warning] [isaaclab.envs.manager_based_env] Seed not set for the environment. The environment creation may not be deterministic.

[36m======================================================================================[0m
[36m[1m[INFO][IsaacLab]: Logging to file: /tmp/isaaclab/logs/isaaclab_2026-06-20_16-43-46.log[0m
[36m======================================================================================[0m

[33m16:43:46 [simulation_context.py] WARNING: The `enable_external_forces_every_iteration` parameter in the PhysxCfg is set to False. If you are experiencing noisy velocities, consider enabling this flag. You may need to slightly increase the number of velocity iterations (setting it to 1 or 2 rather than 0), together with this flag, to improve the accuracy of velocity updates.[0m
[INFO]: Base environment:
	Environment device    : cuda:0
	Environment seed      : None
	Physics step-size     : 0.005
	Rendering step-size   : 0.005
	Environment step-size : 0.02
[33m16:43:46 [manager_based_env.py] WARNING: The render interval (1) is smaller than the decimation (4). Multiple render calls will happen for each environment step. If this is not intended, set the render interval to be equal to the decimation.[0m
[INFO]: Time taken for scene creation : 1.113905 seconds
[INFO]: Scene manager:  <class InteractiveScene>
	Number of environments: 16
	Environment spacing   : 4.0
	Source prim name      : /World/envs/env_0
	Global prim paths     : []
	Replicate physics     : True
[INFO]: Starting the simulation. This may take a few seconds. Please wait...
[INFO]: Time taken for simulation start : 0.976132 seconds
[INFO] Command Manager:  <CommandManager> contains 0 active terms.
+------------------------+
|  Active Command Terms  |
+--------+-------+-------+
| Index  | Name  |  Type |
+--------+-------+-------+
+--------+-------+-------+

[INFO] Event Manager:  <EventManager> contains 1 active terms.
+----------------------------------+
| Active Event Terms in Mode: 'reset' |
+------------+---------------------+
|   Index    | Name                |
+------------+---------------------+
|     0      | reset_pose          |
+------------+---------------------+

[INFO] Recorder Manager:  <RecorderManager> contains 0 active terms.
+---------------------+
| Active Recorder Terms |
+-----------+---------+
|   Index   | Name    |
+-----------+---------+
+-----------+---------+

[INFO] Action Manager:  <ActionManager> contains 1 active terms.
+------------------------------------+
|  Active Action Terms (shape: 37)   |
+--------+-------------+-------------+
| Index  | Name        |   Dimension |
+--------+-------------+-------------+
|   0    | joint_pos   |          37 |
+--------+-------------+-------------+

[INFO] Observation Manager: <ObservationManager> contains 1 groups.
+--------------------------------------------------------+
| Active Observation Terms in Group: 'policy' (shape: (126,)) |
+-------------+----------------------------+-------------+
|    Index    | Name                       |    Shape    |
+-------------+----------------------------+-------------+
|      0      | joint_pos                  |    (37,)    |
|      1      | joint_vel                  |    (37,)    |
|      2      | base_ang_vel               |     (3,)    |
|      3      | proj_gravity               |     (3,)    |
|      4      | last_action                |    (37,)    |
|      5      | board_pitch                |     (1,)    |
|      6      | rope_force                 |     (3,)    |
|      7      | handle_rel                 |     (3,)    |
|      8      | v_pull                     |     (1,)    |
|      9      | phase                      |     (1,)    |
+-------------+----------------------------+-------------+

[INFO] Termination Manager:  <TerminationManager> contains 3 active terms.
+--------------------------------+
|    Active Termination Terms    |
+-------+-------------+----------+
| Index | Name        | Time Out |
+-------+-------------+----------+
|   0   | timeout     |   True   |
|   1   | board_range |  False   |
|   2   | fell        |  False   |
+-------+-------------+----------+

[INFO] Reward Manager:  <RewardManager> contains 17 active terms.
+-----------------------------------------+
|           Active Reward Terms           |
+-------+-----------------------+---------+
| Index | Name                  |  Weight |
+-------+-----------------------+---------+
|   0   | pelvis_height         |     2.0 |
|   1   | height_progress       |     1.5 |
|   2   | uprightness           |     2.0 |
|   3   | survival              |     0.5 |
|   4   | forward_glide         |     1.0 |
|   5   | success_bonus         |    50.0 |
|   6   | board_positive_angle  |     1.5 |
|   7   | arms_straight         |     1.0 |
|   8   | handle_at_hips        |     0.8 |
|   9   | lean_back_moderate    |     0.7 |
|   10  | knee_bend_maintained  |     0.8 |
|   11  | pen_stand_too_fast    |    -1.0 |
|   12  | pen_pull_against_rope |    -1.0 |
|   13  | pen_torque            | -0.0001 |
|   14  | pen_action_rate       |   -0.01 |
|   15  | pen_action_accel      |  -0.001 |
|   16  | pen_dof_pos_limits    |    -5.0 |
+-------+-----------------------+---------+

[INFO] Curriculum Manager:  <CurriculumManager> contains 0 active terms.
+----------------------+
| Active Curriculum Terms |
+-----------+----------+
|   Index   | Name     |
+-----------+----------+
+-----------+----------+

[INFO]: Completed setting up the environment...
[wakeboard] board fixed joints configured: count=32
--------------------------------------------------------------------------------
Resolved observation sets: 
	 actor :  ['policy']
	 critic :  ['policy']
--------------------------------------------------------------------------------
Actor Model: MLPModel(
  (obs_normalizer): Identity()
  (distribution): GaussianDistribution()
  (mlp): MLP(
    (0): Linear(in_features=126, out_features=256, bias=True)
    (1): ELU(alpha=1.0)
    (2): Linear(in_features=256, out_features=256, bias=True)
    (3): ELU(alpha=1.0)
    (4): Linear(in_features=256, out_features=37, bias=True)
  )
)
Critic Model: MLPModel(
  (obs_normalizer): Identity()
  (mlp): MLP(
    (0): Linear(in_features=126, out_features=256, bias=True)
    (1): ELU(alpha=1.0)
    (2): Linear(in_features=256, out_features=256, bias=True)
    (3): ELU(alpha=1.0)
    (4): Linear(in_features=256, out_features=1, bias=True)
  )
)
Could not find git repository in /isaac-sim/kit/python/lib/python3.11/site-packages/rsl_rl/__init__.py. Skipping.
[33m16:43:50 [articulation.py] WARNING: The function 'set_external_force_and_torque' will be deprecated in a future release. Please use 'permanent_wrench_composer.set_forces_and_torques' instead.[0m
[wakeboard] rope force configured: force_shape=(16, 2, 3) body_ids=[28, 29] mean_norm=600.000
################################################################################
[1m                            Learning iteration 0/30                             [0m 

                            Total steps: 384 
                       Steps per second: 99 
                        Collection time: 3.461s 
                          Learning time: 0.398s 
                        Mean value loss: 206.3599
                    Mean surrogate loss: 0.2708
                      Mean entropy loss: 52.5024
                            Mean reward: -17.55
                    Mean episode length: 14.75
                        Mean action std: 1.00
           Episode_Reward/pelvis_height: 0.0503
         Episode_Reward/height_progress: 0.0002
             Episode_Reward/uprightness: 0.0364
                Episode_Reward/survival: 0.0126
           Episode_Reward/forward_glide: 0.0071
           Episode_Reward/success_bonus: 0.0000
    Episode_Reward/board_positive_angle: 0.0070
           Episode_Reward/arms_straight: 0.0039
          Episode_Reward/handle_at_hips: 0.0058
      Episode_Reward/lean_back_moderate: 0.0027
    Episode_Reward/knee_bend_maintained: 0.0201
      Episode_Reward/pen_stand_too_fast: -0.0021
   Episode_Reward/pen_pull_against_rope: -0.0192
              Episode_Reward/pen_torque: -1.4487
         Episode_Reward/pen_action_rate: -0.0353
        Episode_Reward/pen_action_accel: -0.0035
      Episode_Reward/pen_dof_pos_limits: -0.1370
            Episode_Termination/timeout: 0.0000
        Episode_Termination/board_range: 0.0000
               Episode_Termination/fell: 0.3724
--------------------------------------------------------------------------------
                         Iteration time: 3.86s
                           Time elapsed: 00:00:03
                                    ETA: 00:01:51

################################################################################
[1m                            Learning iteration 1/30                             [0m 

                            Total steps: 768 
                       Steps per second: 261 
                        Collection time: 1.334s 
                          Learning time: 0.133s 
                        Mean value loss: 207.2482
                    Mean surrogate loss: -0.0244
                      Mean entropy loss: 52.5034
                            Mean reward: -17.19
                    Mean episode length: 13.50
                        Mean action std: 1.00
           Episode_Reward/pelvis_height: 0.0630
         Episode_Reward/height_progress: 0.0000
             Episode_Reward/uprightness: 0.0447
                Episode_Reward/survival: 0.0158
           Episode_Reward/forward_glide: 0.0113
           Episode_Reward/success_bonus: 0.0000
    Episode_Reward/board_positive_angle: 0.0171
           Episode_Reward/arms_straight: 0.0026
          Episode_Reward/handle_at_hips: 0.0116
      Episode_Reward/lean_back_moderate: 0.0024
    Episode_Reward/knee_bend_maintained: 0.0253
      Episode_Reward/pen_stand_too_fast: -0.0036
   Episode_Reward/pen_pull_against_rope: -0.0275
              Episode_Reward/pen_torque: -2.0047
         Episode_Reward/pen_action_rate: -0.0555
        Episode_Reward/pen_action_accel: -0.0056
      Episode_Reward/pen_dof_pos_limits: -0.1796
            Episode_Termination/timeout: 0.0000
        Episode_Termination/board_range: 0.0000
               Episode_Termination/fell: 0.9948
--------------------------------------------------------------------------------
                         Iteration time: 1.47s
                           Time elapsed: 00:00:05
                                    ETA: 00:01:14

[33m16:43:55 [articulation.py] WARNING: The function 'set_external_force_and_torque' will be deprecated in a future release. Please use 'permanent_wrench_composer.set_forces_and_torques' instead.[0m
################################################################################
[1m                            Learning iteration 2/30                             [0m 

                            Total steps: 1152 
                       Steps per second: 272 
                        Collection time: 1.274s 
                          Learning time: 0.134s 
                        Mean value loss: 193.3439
                    Mean surrogate loss: -0.0188
                      Mean entropy loss: 52.5035
                            Mean reward: -17.05
                    Mean episode length: 13.03
                        Mean action std: 1.00
           Episode_Reward/pelvis_height: 0.0580
         Episode_Reward/height_progress: 0.0000
             Episode_Reward/uprightness: 0.0386
                Episode_Reward/survival: 0.0147
           Episode_Reward/forward_glide: 0.0125
           Episode_Reward/success_bonus: 0.0000
    Episode_Reward/board_positive_angle: 0.0232
           Episode_Reward/arms_straight: 0.0020
          Episode_Reward/handle_at_hips: 0.0119
      Episode_Reward/lean_back_moderate: 0.0016
    Episode_Reward/knee_bend_maintained: 0.0236
      Episode_Reward/pen_stand_too_fast: -0.0039
   Episode_Reward/pen_pull_against_rope: -0.0273
              Episode_Reward/pen_torque: -1.9530
         Episode_Reward/pen_action_rate: -0.0538
        Episode_Reward/pen_action_accel: -0.0054
      Episode_Reward/pen_dof_pos_limits: -0.1751
            Episode_Termination/timeout: 0.0000
        Episode_Termination/board_range: 0.0000
               Episode_Termination/fell: 1.0000
--------------------------------------------------------------------------------
                         Iteration time: 1.41s
                           Time elapsed: 00:00:06
                                    ETA: 00:01:00

################################################################################
[1m                            Learning iteration 3/30                             [0m 

                            Total steps: 1536 
                       Steps per second: 273 
                        Collection time: 1.274s 
                          Learning time: 0.131s 
                        Mean value loss: 193.6120
                    Mean surrogate loss: -0.0266
                      Mean entropy loss: 52.5036
                            Mean reward: -17.84
                    Mean episode length: 13.18
                        Mean action std: 1.00
           Episode_Reward/pelvis_height: 0.0660
         Episode_Reward/height_progress: 0.0000
             Episode_Reward/uprightness: 0.0426
                Episode_Reward/survival: 0.0167
           Episode_Reward/forward_glide: 0.0137
           Episode_Reward/success_bonus: 0.0000
    Episode_Reward/board_positive_angle: 0.0279
           Episode_Reward/arms_straight: 0.0019
          Episode_Reward/handle_at_hips: 0.0131
      Episode_Reward/lean_back_moderate: 0.0012
    Episode_Reward/knee_bend_maintained: 0.0268
      Episode_Reward/pen_stand_too_fast: -0.0027
   Episode_Reward/pen_pull_against_rope: -0.0331
              Episode_Reward/pen_torque: -2.2324
         Episode_Reward/pen_action_rate: -0.0553
        Episode_Reward/pen_action_accel: -0.0055
      Episode_Reward/pen_dof_pos_limits: -0.2108
            Episode_Termination/timeout: 0.0000
        Episode_Termination/board_range: 0.0000
               Episode_Termination/fell: 1.0000
--------------------------------------------------------------------------------
                         Iteration time: 1.41s
                           Time elapsed: 00:00:08
                                    ETA: 00:00:52

################################################################################
[1m                            Learning iteration 4/30                             [0m 

                            Total steps: 1920 
                       Steps per second: 267 
                        Collection time: 1.299s 
                          Learning time: 0.137s 
                        Mean value loss: 158.4524
                    Mean surrogate loss: -0.0246
                      Mean entropy loss: 52.5037
                            Mean reward: -17.04
                    Mean episode length: 12.28
                        Mean action std: 1.00
           Episode_Reward/pelvis_height: 0.0580
         Episode_Reward/height_progress: 0.0000
             Episode_Reward/uprightness: 0.0375
                Episode_Reward/survival: 0.0145
           Episode_Reward/forward_glide: 0.0128
           Episode_Reward/success_bonus: 0.0000
    Episode_Reward/board_positive_angle: 0.0249
           Episode_Reward/arms_straight: 0.0019
          Episode_Reward/handle_at_hips: 0.0116
      Episode_Reward/lean_back_moderate: 0.0014
    Episode_Reward/knee_bend_maintained: 0.0232
      Episode_Reward/pen_stand_too_fast: -0.0031
   Episode_Reward/pen_pull_against_rope: -0.0264
              Episode_Reward/pen_torque: -1.9340
         Episode_Reward/pen_action_rate: -0.0531
        Episode_Reward/pen_action_accel: -0.0053
      Episode_Reward/pen_dof_pos_limits: -0.1679
            Episode_Termination/timeout: 0.0000
        Episode_Termination/board_range: 0.0000
               Episode_Termination/fell: 1.0000
--------------------------------------------------------------------------------
                         Iteration time: 1.44s
                           Time elapsed: 00:00:09
                                    ETA: 00:00:47

[33m16:44:00 [articulation.py] WARNING: The function 'set_external_force_and_torque' will be deprecated in a future release. Please use 'permanent_wrench_composer.set_forces_and_torques' instead.[0m
################################################################################
[1m                            Learning iteration 5/30                             [0m 

                            Total steps: 2304 
                       Steps per second: 271 
                        Collection time: 1.278s 
                          Learning time: 0.138s 
                        Mean value loss: 149.6538
                    Mean surrogate loss: -0.0261
                      Mean entropy loss: 52.5037
                            Mean reward: -16.93
                    Mean episode length: 12.14
                        Mean action std: 1.00
           Episode_Reward/pelvis_height: 0.0601
         Episode_Reward/height_progress: 0.0000
             Episode_Reward/uprightness: 0.0387
                Episode_Reward/survival: 0.0150
           Episode_Reward/forward_glide: 0.0126
           Episode_Reward/success_bonus: 0.0000
    Episode_Reward/board_positive_angle: 0.0203
           Episode_Reward/arms_straight: 0.0022
          Episode_Reward/handle_at_hips: 0.0114
      Episode_Reward/lean_back_moderate: 0.0021
    Episode_Reward/knee_bend_maintained: 0.0240
      Episode_Reward/pen_stand_too_fast: -0.0050
   Episode_Reward/pen_pull_against_rope: -0.0276
              Episode_Reward/pen_torque: -2.0304
         Episode_Reward/pen_action_rate: -0.0540
        Episode_Reward/pen_action_accel: -0.0054
      Episode_Reward/pen_dof_pos_limits: -0.1826
            Episode_Termination/timeout: 0.0000
        Episode_Termination/board_range: 0.0000
               Episode_Termination/fell: 1.0000
--------------------------------------------------------------------------------
                         Iteration time: 1.42s
                           Time elapsed: 00:00:10
                                    ETA: 00:00:43

################################################################################
[1m                            Learning iteration 6/30                             [0m 

                            Total steps: 2688 
                       Steps per second: 263 
                        Collection time: 1.324s 
                          Learning time: 0.132s 
                        Mean value loss: 135.7896
                    Mean surrogate loss: -0.0179
                      Mean entropy loss: 52.5038
                            Mean reward: -16.97
                    Mean episode length: 12.12
                        Mean action std: 1.00
           Episode_Reward/pelvis_height: 0.0635
         Episode_Reward/height_progress: 0.0000
             Episode_Reward/uprightness: 0.0426
                Episode_Reward/survival: 0.0164
           Episode_Reward/forward_glide: 0.0128
           Episode_Reward/success_bonus: 0.0000
    Episode_Reward/board_positive_angle: 0.0246
           Episode_Reward/arms_straight: 0.0018
          Episode_Reward/handle_at_hips: 0.0129
      Episode_Reward/lean_back_moderate: 0.0019
    Episode_Reward/knee_bend_maintained: 0.0263
      Episode_Reward/pen_stand_too_fast: -0.0033
   Episode_Reward/pen_pull_against_rope: -0.0326
              Episode_Reward/pen_torque: -2.2179
         Episode_Reward/pen_action_rate: -0.0571
        Episode_Reward/pen_action_accel: -0.0057
      Episode_Reward/pen_dof_pos_limits: -0.2062
            Episode_Termination/timeout: 0.0000
        Episode_Termination/board_range: 0.0000
               Episode_Termination/fell: 1.0000
--------------------------------------------------------------------------------
                         Iteration time: 1.46s
                           Time elapsed: 00:00:12
                                    ETA: 00:00:40

################################################################################
[1m                            Learning iteration 7/30                             [0m 

                            Total steps: 3072 
                       Steps per second: 271 
                        Collection time: 1.258s 
                          Learning time: 0.156s 
                        Mean value loss: 112.6340
                    Mean surrogate loss: -0.0255
                      Mean entropy loss: 52.5038
                            Mean reward: -17.08
                    Mean episode length: 12.16
                        Mean action std: 1.00
           Episode_Reward/pelvis_height: 0.0638
         Episode_Reward/height_progress: 0.0000
             Episode_Reward/uprightness: 0.0429
                Episode_Reward/survival: 0.0165
           Episode_Reward/forward_glide: 0.0132
           Episode_Reward/success_bonus: 0.0000
    Episode_Reward/board_positive_angle: 0.0304
           Episode_Reward/arms_straight: 0.0020
          Episode_Reward/handle_at_hips: 0.0126
      Episode_Reward/lean_back_moderate: 0.0018
    Episode_Reward/knee_bend_maintained: 0.0264
      Episode_Reward/pen_stand_too_fast: -0.0034
   Episode_Reward/pen_pull_against_rope: -0.0321
              Episode_Reward/pen_torque: -2.2361
         Episode_Reward/pen_action_rate: -0.0558
        Episode_Reward/pen_action_accel: -0.0056
      Episode_Reward/pen_dof_pos_limits: -0.2045
            Episode_Termination/timeout: 0.0000
        Episode_Termination/board_range: 0.0000
               Episode_Termination/fell: 1.0000
--------------------------------------------------------------------------------
                         Iteration time: 1.41s
                           Time elapsed: 00:00:13
                                    ETA: 00:00:38

################################################################################
[1m                            Learning iteration 8/30                             [0m 

                            Total steps: 3456 
                       Steps per second: 271 
                        Collection time: 1.286s 
                          Learning time: 0.131s 
                        Mean value loss: 119.9681
                    Mean surrogate loss: -0.0227
                      Mean entropy loss: 52.5038
                            Mean reward: -17.36
                    Mean episode length: 12.34
                        Mean action std: 1.00
           Episode_Reward/pelvis_height: 0.0600
         Episode_Reward/height_progress: 0.0000
             Episode_Reward/uprightness: 0.0393
                Episode_Reward/survival: 0.0154
           Episode_Reward/forward_glide: 0.0129
           Episode_Reward/success_bonus: 0.0000
    Episode_Reward/board_positive_angle: 0.0238
           Episode_Reward/arms_straight: 0.0020
          Episode_Reward/handle_at_hips: 0.0118
      Episode_Reward/lean_back_moderate: 0.0014
    Episode_Reward/knee_bend_maintained: 0.0247
      Episode_Reward/pen_stand_too_fast: -0.0040
   Episode_Reward/pen_pull_against_rope: -0.0294
              Episode_Reward/pen_torque: -2.0907
         Episode_Reward/pen_action_rate: -0.0539
        Episode_Reward/pen_action_accel: -0.0054
      Episode_Reward/pen_dof_pos_limits: -0.1881
            Episode_Termination/timeout: 0.0000
        Episode_Termination/board_range: 0.0000
               Episode_Termination/fell: 1.0000
--------------------------------------------------------------------------------
                         Iteration time: 1.42s
                           Time elapsed: 00:00:15
                                    ETA: 00:00:35

[33m16:44:05 [articulation.py] WARNING: The function 'set_external_force_and_torque' will be deprecated in a future release. Please use 'permanent_wrench_composer.set_forces_and_torques' instead.[0m
################################################################################
[1m                            Learning iteration 9/30                             [0m 

                            Total steps: 3840 
                       Steps per second: 270 
                        Collection time: 1.253s 
                          Learning time: 0.167s 
                        Mean value loss: 94.9868
                    Mean surrogate loss: -0.0179
                      Mean entropy loss: 52.5040
                            Mean reward: -17.58
                    Mean episode length: 12.49
                        Mean action std: 1.00
           Episode_Reward/pelvis_height: 0.0624
         Episode_Reward/height_progress: 0.0000
             Episode_Reward/uprightness: 0.0413
                Episode_Reward/survival: 0.0160
           Episode_Reward/forward_glide: 0.0136
           Episode_Reward/success_bonus: 0.0000
    Episode_Reward/board_positive_angle: 0.0265
           Episode_Reward/arms_straight: 0.0017
          Episode_Reward/handle_at_hips: 0.0129
      Episode_Reward/lean_back_moderate: 0.0012
    Episode_Reward/knee_bend_maintained: 0.0256
      Episode_Reward/pen_stand_too_fast: -0.0026
   Episode_Reward/pen_pull_against_rope: -0.0317
              Episode_Reward/pen_torque: -2.1653
         Episode_Reward/pen_action_rate: -0.0552
        Episode_Reward/pen_action_accel: -0.0055
      Episode_Reward/pen_dof_pos_limits: -0.1972
            Episode_Termination/timeout: 0.0000
        Episode_Termination/board_range: 0.0000
               Episode_Termination/fell: 1.0000
--------------------------------------------------------------------------------
                         Iteration time: 1.42s
                           Time elapsed: 00:00:16
                                    ETA: 00:00:33

################################################################################
[1m                            Learning iteration 10/30                            [0m 

                            Total steps: 4224 
                       Steps per second: 263 
                        Collection time: 1.307s 
                          Learning time: 0.152s 
                        Mean value loss: 89.4449
                    Mean surrogate loss: -0.0292
                      Mean entropy loss: 52.5041
                            Mean reward: -18.18
                    Mean episode length: 12.88
                        Mean action std: 1.00
           Episode_Reward/pelvis_height: 0.0666
         Episode_Reward/height_progress: 0.0000
             Episode_Reward/uprightness: 0.0436
                Episode_Reward/survival: 0.0172
           Episode_Reward/forward_glide: 0.0141
           Episode_Reward/success_bonus: 0.0000
    Episode_Reward/board_positive_angle: 0.0262
           Episode_Reward/arms_straight: 0.0020
          Episode_Reward/handle_at_hips: 0.0133
      Episode_Reward/lean_back_moderate: 0.0018
    Episode_Reward/knee_bend_maintained: 0.0275
      Episode_Reward/pen_stand_too_fast: -0.0038
   Episode_Reward/pen_pull_against_rope: -0.0345
              Episode_Reward/pen_torque: -2.3334
         Episode_Reward/pen_action_rate: -0.0579
        Episode_Reward/pen_action_accel: -0.0058
      Episode_Reward/pen_dof_pos_limits: -0.2204
            Episode_Termination/timeout: 0.0000
        Episode_Termination/board_range: 0.0000
               Episode_Termination/fell: 1.0000
--------------------------------------------------------------------------------
                         Iteration time: 1.46s
                           Time elapsed: 00:00:18
                                    ETA: 00:00:31

################################################################################
[1m                            Learning iteration 11/30                            [0m 

                            Total steps: 4608 
                       Steps per second: 272 
                        Collection time: 1.273s 
                          Learning time: 0.137s 
                        Mean value loss: 88.7499
                    Mean surrogate loss: -0.0284
                      Mean entropy loss: 52.5042
                            Mean reward: -19.89
                    Mean episode length: 13.97
                        Mean action std: 1.00
           Episode_Reward/pelvis_height: 0.0645
         Episode_Reward/height_progress: 0.0000
             Episode_Reward/uprightness: 0.0432
                Episode_Reward/survival: 0.0172
           Episode_Reward/forward_glide: 0.0125
           Episode_Reward/success_bonus: 0.0000
    Episode_Reward/board_positive_angle: 0.0278
           Episode_Reward/arms_straight: 0.0020
          Episode_Reward/handle_at_hips: 0.0133
      Episode_Reward/lean_back_moderate: 0.0014
    Episode_Reward/knee_bend_maintained: 0.0275
      Episode_Reward/pen_stand_too_fast: -0.0038
   Episode_Reward/pen_pull_against_rope: -0.0343
              Episode_Reward/pen_torque: -2.3525
         Episode_Reward/pen_action_rate: -0.0573
        Episode_Reward/pen_action_accel: -0.0057
      Episode_Reward/pen_dof_pos_limits: -0.2211
            Episode_Termination/timeout: 0.0000
        Episode_Termination/board_range: 0.0000
               Episode_Termination/fell: 1.0000
--------------------------------------------------------------------------------
                         Iteration time: 1.41s
                           Time elapsed: 00:00:19
                                    ETA: 00:00:29

[33m16:44:10 [articulation.py] WARNING: The function 'set_external_force_and_torque' will be deprecated in a future release. Please use 'permanent_wrench_composer.set_forces_and_torques' instead.[0m
################################################################################
[1m                            Learning iteration 12/30                            [0m 

                            Total steps: 4992 
                       Steps per second: 266 
                        Collection time: 1.306s 
                          Learning time: 0.133s 
                        Mean value loss: 70.3461
                    Mean surrogate loss: -0.0235
                      Mean entropy loss: 52.5043
                            Mean reward: -18.88
                    Mean episode length: 13.29
                        Mean action std: 1.00
           Episode_Reward/pelvis_height: 0.0575
         Episode_Reward/height_progress: 0.0000
             Episode_Reward/uprightness: 0.0373
                Episode_Reward/survival: 0.0144
           Episode_Reward/forward_glide: 0.0129
           Episode_Reward/success_bonus: 0.0000
    Episode_Reward/board_positive_angle: 0.0225
           Episode_Reward/arms_straight: 0.0018
          Episode_Reward/handle_at_hips: 0.0119
      Episode_Reward/lean_back_moderate: 0.0012
    Episode_Reward/knee_bend_maintained: 0.0230
      Episode_Reward/pen_stand_too_fast: -0.0029
   Episode_Reward/pen_pull_against_rope: -0.0263
              Episode_Reward/pen_torque: -1.9420
         Episode_Reward/pen_action_rate: -0.0520
        Episode_Reward/pen_action_accel: -0.0052
      Episode_Reward/pen_dof_pos_limits: -0.1655
            Episode_Termination/timeout: 0.0000
        Episode_Termination/board_range: 0.0000
               Episode_Termination/fell: 1.0000
--------------------------------------------------------------------------------
                         Iteration time: 1.44s
                           Time elapsed: 00:00:21
                                    ETA: 00:00:27

################################################################################
[1m                            Learning iteration 13/30                            [0m 

                            Total steps: 5376 
                       Steps per second: 272 
                        Collection time: 1.273s 
                          Learning time: 0.135s 
                        Mean value loss: 61.4823
                    Mean surrogate loss: -0.0324
                      Mean entropy loss: 52.5045
                            Mean reward: -18.68
                    Mean episode length: 13.16
                        Mean action std: 1.00
           Episode_Reward/pelvis_height: 0.0590
         Episode_Reward/height_progress: 0.0000
             Episode_Reward/uprightness: 0.0382
                Episode_Reward/survival: 0.0149
           Episode_Reward/forward_glide: 0.0124
           Episode_Reward/success_bonus: 0.0000
    Episode_Reward/board_positive_angle: 0.0243
           Episode_Reward/arms_straight: 0.0018
          Episode_Reward/handle_at_hips: 0.0124
      Episode_Reward/lean_back_moderate: 0.0013
    Episode_Reward/knee_bend_maintained: 0.0239
      Episode_Reward/pen_stand_too_fast: -0.0027
   Episode_Reward/pen_pull_against_rope: -0.0280
              Episode_Reward/pen_torque: -2.0128
         Episode_Reward/pen_action_rate: -0.0542
        Episode_Reward/pen_action_accel: -0.0054
      Episode_Reward/pen_dof_pos_limits: -0.1770
            Episode_Termination/timeout: 0.0000
        Episode_Termination/board_range: 0.0000
               Episode_Termination/fell: 1.0000
--------------------------------------------------------------------------------
                         Iteration time: 1.41s
                           Time elapsed: 00:00:22
                                    ETA: 00:00:25

################################################################################
[1m                            Learning iteration 14/30                            [0m 

                            Total steps: 5760 
                       Steps per second: 264 
                        Collection time: 1.306s 
                          Learning time: 0.144s 
                        Mean value loss: 43.6254
                    Mean surrogate loss: -0.0273
                      Mean entropy loss: 52.5046
                            Mean reward: -17.60
                    Mean episode length: 12.49
                        Mean action std: 1.00
           Episode_Reward/pelvis_height: 0.0584
         Episode_Reward/height_progress: 0.0000
             Episode_Reward/uprightness: 0.0388
                Episode_Reward/survival: 0.0150
           Episode_Reward/forward_glide: 0.0126
           Episode_Reward/success_bonus: 0.0000
    Episode_Reward/board_positive_angle: 0.0247
           Episode_Reward/arms_straight: 0.0017
          Episode_Reward/handle_at_hips: 0.0126
      Episode_Reward/lean_back_moderate: 0.0011
    Episode_Reward/knee_bend_maintained: 0.0241
      Episode_Reward/pen_stand_too_fast: -0.0023
   Episode_Reward/pen_pull_against_rope: -0.0286
              Episode_Reward/pen_torque: -2.0324
         Episode_Reward/pen_action_rate: -0.0542
        Episode_Reward/pen_action_accel: -0.0054
      Episode_Reward/pen_dof_pos_limits: -0.1779
            Episode_Termination/timeout: 0.0000
        Episode_Termination/board_range: 0.0000
               Episode_Termination/fell: 1.0000
--------------------------------------------------------------------------------
                         Iteration time: 1.45s
                           Time elapsed: 00:00:23
                                    ETA: 00:00:23

################################################################################
[1m                            Learning iteration 15/30                            [0m 

                            Total steps: 6144 
                       Steps per second: 274 
                        Collection time: 1.261s 
                          Learning time: 0.140s 
                        Mean value loss: 49.0426
                    Mean surrogate loss: -0.0277
                      Mean entropy loss: 52.5045
                            Mean reward: -17.80
                    Mean episode length: 12.60
                        Mean action std: 1.00
           Episode_Reward/pelvis_height: 0.0582
         Episode_Reward/height_progress: 0.0000
             Episode_Reward/uprightness: 0.0394
                Episode_Reward/survival: 0.0150
           Episode_Reward/forward_glide: 0.0127
           Episode_Reward/success_bonus: 0.0000
    Episode_Reward/board_positive_angle: 0.0245
           Episode_Reward/arms_straight: 0.0021
          Episode_Reward/handle_at_hips: 0.0119
      Episode_Reward/lean_back_moderate: 0.0014
    Episode_Reward/knee_bend_maintained: 0.0241
      Episode_Reward/pen_stand_too_fast: -0.0043
   Episode_Reward/pen_pull_against_rope: -0.0282
              Episode_Reward/pen_torque: -2.0468
         Episode_Reward/pen_action_rate: -0.0547
        Episode_Reward/pen_action_accel: -0.0055
      Episode_Reward/pen_dof_pos_limits: -0.1808
            Episode_Termination/timeout: 0.0000
        Episode_Termination/board_range: 0.0000
               Episode_Termination/fell: 1.0000
--------------------------------------------------------------------------------
                         Iteration time: 1.40s
                           Time elapsed: 00:00:25
                                    ETA: 00:00:22

[33m16:44:15 [articulation.py] WARNING: The function 'set_external_force_and_torque' will be deprecated in a future release. Please use 'permanent_wrench_composer.set_forces_and_torques' instead.[0m
################################################################################
[1m                            Learning iteration 16/30                            [0m 

                            Total steps: 6528 
                       Steps per second: 279 
                        Collection time: 1.233s 
                          Learning time: 0.138s 
                        Mean value loss: 42.9890
                    Mean surrogate loss: -0.0257
                      Mean entropy loss: 52.5045
                            Mean reward: -17.35
                    Mean episode length: 12.31
                        Mean action std: 1.00
           Episode_Reward/pelvis_height: 0.0558
         Episode_Reward/height_progress: 0.0000
             Episode_Reward/uprightness: 0.0365
                Episode_Reward/survival: 0.0141
           Episode_Reward/forward_glide: 0.0122
           Episode_Reward/success_bonus: 0.0000
    Episode_Reward/board_positive_angle: 0.0245
           Episode_Reward/arms_straight: 0.0018
          Episode_Reward/handle_at_hips: 0.0120
      Episode_Reward/lean_back_moderate: 0.0011
    Episode_Reward/knee_bend_maintained: 0.0226
      Episode_Reward/pen_stand_too_fast: -0.0033
   Episode_Reward/pen_pull_against_rope: -0.0261
              Episode_Reward/pen_torque: -1.9083
         Episode_Reward/pen_action_rate: -0.0532
        Episode_Reward/pen_action_accel: -0.0053
      Episode_Reward/pen_dof_pos_limits: -0.1626
            Episode_Termination/timeout: 0.0000
        Episode_Termination/board_range: 0.0000
               Episode_Termination/fell: 1.0000
--------------------------------------------------------------------------------
                         Iteration time: 1.37s
                           Time elapsed: 00:00:26
                                    ETA: 00:00:20

################################################################################
[1m                            Learning iteration 17/30                            [0m 

                            Total steps: 6912 
                       Steps per second: 272 
                        Collection time: 1.281s 
                          Learning time: 0.131s 
                        Mean value loss: 34.2893
                    Mean surrogate loss: -0.0243
                      Mean entropy loss: 52.5046
                            Mean reward: -17.29
                    Mean episode length: 12.25
                        Mean action std: 1.00
           Episode_Reward/pelvis_height: 0.0572
         Episode_Reward/height_progress: 0.0000
             Episode_Reward/uprightness: 0.0377
                Episode_Reward/survival: 0.0145
           Episode_Reward/forward_glide: 0.0120
           Episode_Reward/success_bonus: 0.0000
    Episode_Reward/board_positive_angle: 0.0248
           Episode_Reward/arms_straight: 0.0020
          Episode_Reward/handle_at_hips: 0.0125
      Episode_Reward/lean_back_moderate: 0.0010
    Episode_Reward/knee_bend_maintained: 0.0232
      Episode_Reward/pen_stand_too_fast: -0.0030
   Episode_Reward/pen_pull_against_rope: -0.0268
              Episode_Reward/pen_torque: -1.9664
         Episode_Reward/pen_action_rate: -0.0542
        Episode_Reward/pen_action_accel: -0.0054
      Episode_Reward/pen_dof_pos_limits: -0.1698
            Episode_Termination/timeout: 0.0000
        Episode_Termination/board_range: 0.0000
               Episode_Termination/fell: 1.0000
--------------------------------------------------------------------------------
                         Iteration time: 1.41s
                           Time elapsed: 00:00:28
                                    ETA: 00:00:18

################################################################################
[1m                            Learning iteration 18/30                            [0m 

                            Total steps: 7296 
                       Steps per second: 254 
                        Collection time: 1.346s 
                          Learning time: 0.163s 
                        Mean value loss: 39.5575
                    Mean surrogate loss: -0.0252
                      Mean entropy loss: 52.5047
                            Mean reward: -16.67
                    Mean episode length: 11.87
                        Mean action std: 1.00
           Episode_Reward/pelvis_height: 0.0566
         Episode_Reward/height_progress: 0.0000
             Episode_Reward/uprightness: 0.0365
                Episode_Reward/survival: 0.0142
           Episode_Reward/forward_glide: 0.0126
           Episode_Reward/success_bonus: 0.0000
    Episode_Reward/board_positive_angle: 0.0264
           Episode_Reward/arms_straight: 0.0020
          Episode_Reward/handle_at_hips: 0.0118
      Episode_Reward/lean_back_moderate: 0.0010
    Episode_Reward/knee_bend_maintained: 0.0227
      Episode_Reward/pen_stand_too_fast: -0.0035
   Episode_Reward/pen_pull_against_rope: -0.0255
              Episode_Reward/pen_torque: -1.9221
         Episode_Reward/pen_action_rate: -0.0533
        Episode_Reward/pen_action_accel: -0.0053
      Episode_Reward/pen_dof_pos_limits: -0.1615
            Episode_Termination/timeout: 0.0000
        Episode_Termination/board_range: 0.0000
               Episode_Termination/fell: 1.0000
--------------------------------------------------------------------------------
                         Iteration time: 1.51s
                           Time elapsed: 00:00:29
                                    ETA: 00:00:17

[33m16:44:20 [articulation.py] WARNING: The function 'set_external_force_and_torque' will be deprecated in a future release. Please use 'permanent_wrench_composer.set_forces_and_torques' instead.[0m
################################################################################
[1m                            Learning iteration 19/30                            [0m 

                            Total steps: 7680 
                       Steps per second: 276 
                        Collection time: 1.258s 
                          Learning time: 0.132s 
                        Mean value loss: 41.5285
                    Mean surrogate loss: -0.0202
                      Mean entropy loss: 52.5047
                            Mean reward: -16.81
                    Mean episode length: 11.94
                        Mean action std: 1.00
           Episode_Reward/pelvis_height: 0.0604
         Episode_Reward/height_progress: 0.0000
             Episode_Reward/uprightness: 0.0390
                Episode_Reward/survival: 0.0154
           Episode_Reward/forward_glide: 0.0135
           Episode_Reward/success_bonus: 0.0000
    Episode_Reward/board_positive_angle: 0.0249
           Episode_Reward/arms_straight: 0.0021
          Episode_Reward/handle_at_hips: 0.0119
      Episode_Reward/lean_back_moderate: 0.0014
    Episode_Reward/knee_bend_maintained: 0.0246
      Episode_Reward/pen_stand_too_fast: -0.0041
   Episode_Reward/pen_pull_against_rope: -0.0293
              Episode_Reward/pen_torque: -2.0913
         Episode_Reward/pen_action_rate: -0.0549
        Episode_Reward/pen_action_accel: -0.0055
      Episode_Reward/pen_dof_pos_limits: -0.1865
            Episode_Termination/timeout: 0.0000
        Episode_Termination/board_range: 0.0000
               Episode_Termination/fell: 1.0000
--------------------------------------------------------------------------------
                         Iteration time: 1.39s
                           Time elapsed: 00:00:30
                                    ETA: 00:00:15

################################################################################
[1m                            Learning iteration 20/30                            [0m 

                            Total steps: 8064 
                       Steps per second: 278 
                        Collection time: 1.247s 
                          Learning time: 0.131s 
                        Mean value loss: 46.3986
                    Mean surrogate loss: -0.0238
                      Mean entropy loss: 52.5047
                            Mean reward: -17.45
                    Mean episode length: 12.36
                        Mean action std: 1.00
           Episode_Reward/pelvis_height: 0.0644
         Episode_Reward/height_progress: 0.0000
             Episode_Reward/uprightness: 0.0434
                Episode_Reward/survival: 0.0170
           Episode_Reward/forward_glide: 0.0136
           Episode_Reward/success_bonus: 0.0000
    Episode_Reward/board_positive_angle: 0.0299
           Episode_Reward/arms_straight: 0.0020
          Episode_Reward/handle_at_hips: 0.0132
      Episode_Reward/lean_back_moderate: 0.0014
    Episode_Reward/knee_bend_maintained: 0.0272
      Episode_Reward/pen_stand_too_fast: -0.0040
   Episode_Reward/pen_pull_against_rope: -0.0342
              Episode_Reward/pen_torque: -2.3253
         Episode_Reward/pen_action_rate: -0.0570
        Episode_Reward/pen_action_accel: -0.0057
      Episode_Reward/pen_dof_pos_limits: -0.2168
            Episode_Termination/timeout: 0.0000
        Episode_Termination/board_range: 0.0000
               Episode_Termination/fell: 1.0000
--------------------------------------------------------------------------------
                         Iteration time: 1.38s
                           Time elapsed: 00:00:32
                                    ETA: 00:00:13

################################################################################
[1m                            Learning iteration 21/30                            [0m 

                            Total steps: 8448 
                       Steps per second: 267 
                        Collection time: 1.261s 
                          Learning time: 0.172s 
                        Mean value loss: 27.4284
                    Mean surrogate loss: -0.0196
                      Mean entropy loss: 52.5047
                            Mean reward: -17.30
                    Mean episode length: 12.23
                        Mean action std: 1.00
           Episode_Reward/pelvis_height: 0.0564
         Episode_Reward/height_progress: 0.0000
             Episode_Reward/uprightness: 0.0374
                Episode_Reward/survival: 0.0143
           Episode_Reward/forward_glide: 0.0128
           Episode_Reward/success_bonus: 0.0000
    Episode_Reward/board_positive_angle: 0.0254
           Episode_Reward/arms_straight: 0.0020
          Episode_Reward/handle_at_hips: 0.0120
      Episode_Reward/lean_back_moderate: 0.0010
    Episode_Reward/knee_bend_maintained: 0.0228
      Episode_Reward/pen_stand_too_fast: -0.0029
   Episode_Reward/pen_pull_against_rope: -0.0260
              Episode_Reward/pen_torque: -1.9429
         Episode_Reward/pen_action_rate: -0.0535
        Episode_Reward/pen_action_accel: -0.0054
      Episode_Reward/pen_dof_pos_limits: -0.1643
            Episode_Termination/timeout: 0.0000
        Episode_Termination/board_range: 0.0000
               Episode_Termination/fell: 1.0000
--------------------------------------------------------------------------------
                         Iteration time: 1.43s
                           Time elapsed: 00:00:33
                                    ETA: 00:00:12

################################################################################
[1m                            Learning iteration 22/30                            [0m 

                            Total steps: 8832 
                       Steps per second: 264 
                        Collection time: 1.302s 
                          Learning time: 0.149s 
                        Mean value loss: 35.6849
                    Mean surrogate loss: -0.0312
                      Mean entropy loss: 52.5047
                            Mean reward: -16.84
                    Mean episode length: 11.93
                        Mean action std: 1.00
           Episode_Reward/pelvis_height: 0.0532
         Episode_Reward/height_progress: 0.0000
             Episode_Reward/uprightness: 0.0354
                Episode_Reward/survival: 0.0133
           Episode_Reward/forward_glide: 0.0120
           Episode_Reward/success_bonus: 0.0000
    Episode_Reward/board_positive_angle: 0.0241
           Episode_Reward/arms_straight: 0.0020
          Episode_Reward/handle_at_hips: 0.0117
      Episode_Reward/lean_back_moderate: 0.0009
    Episode_Reward/knee_bend_maintained: 0.0213
      Episode_Reward/pen_stand_too_fast: -0.0034
   Episode_Reward/pen_pull_against_rope: -0.0234
              Episode_Reward/pen_torque: -1.7930
         Episode_Reward/pen_action_rate: -0.0516
        Episode_Reward/pen_action_accel: -0.0052
      Episode_Reward/pen_dof_pos_limits: -0.1488
            Episode_Termination/timeout: 0.0000
        Episode_Termination/board_range: 0.0000
               Episode_Termination/fell: 1.0000
--------------------------------------------------------------------------------
                         Iteration time: 1.45s
                           Time elapsed: 00:00:35
                                    ETA: 00:00:10

[33m16:44:26 [articulation.py] WARNING: The function 'set_external_force_and_torque' will be deprecated in a future release. Please use 'permanent_wrench_composer.set_forces_and_torques' instead.[0m
################################################################################
[1m                            Learning iteration 23/30                            [0m 

                            Total steps: 9216 
                       Steps per second: 273 
                        Collection time: 1.273s 
                          Learning time: 0.129s 
                        Mean value loss: 39.1160
                    Mean surrogate loss: -0.0226
                      Mean entropy loss: 52.5048
                            Mean reward: -15.97
                    Mean episode length: 11.36
                        Mean action std: 1.00
           Episode_Reward/pelvis_height: 0.0554
         Episode_Reward/height_progress: 0.0000
             Episode_Reward/uprightness: 0.0388
                Episode_Reward/survival: 0.0154
           Episode_Reward/forward_glide: 0.0116
           Episode_Reward/success_bonus: 0.0000
    Episode_Reward/board_positive_angle: 0.0277
           Episode_Reward/arms_straight: 0.0020
          Episode_Reward/handle_at_hips: 0.0126
      Episode_Reward/lean_back_moderate: 0.0013
    Episode_Reward/knee_bend_maintained: 0.0247
      Episode_Reward/pen_stand_too_fast: -0.0026
   Episode_Reward/pen_pull_against_rope: -0.0307
              Episode_Reward/pen_torque: -2.0979
         Episode_Reward/pen_action_rate: -0.0546
        Episode_Reward/pen_action_accel: -0.0055
      Episode_Reward/pen_dof_pos_limits: -0.1906
            Episode_Termination/timeout: 0.0000
        Episode_Termination/board_range: 0.0000
               Episode_Termination/fell: 1.0000
--------------------------------------------------------------------------------
                         Iteration time: 1.40s
                           Time elapsed: 00:00:36
                                    ETA: 00:00:09

################################################################################
[1m                            Learning iteration 24/30                            [0m 

                            Total steps: 9600 
                       Steps per second: 275 
                        Collection time: 1.237s 
                          Learning time: 0.158s 
                        Mean value loss: 39.0972
                    Mean surrogate loss: -0.0133
                      Mean entropy loss: 52.5050
                            Mean reward: -16.47
                    Mean episode length: 11.71
                        Mean action std: 1.00
           Episode_Reward/pelvis_height: 0.0598
         Episode_Reward/height_progress: 0.0000
             Episode_Reward/uprightness: 0.0397
                Episode_Reward/survival: 0.0156
           Episode_Reward/forward_glide: 0.0125
           Episode_Reward/success_bonus: 0.0000
    Episode_Reward/board_positive_angle: 0.0277
           Episode_Reward/arms_straight: 0.0020
          Episode_Reward/handle_at_hips: 0.0129
      Episode_Reward/lean_back_moderate: 0.0012
    Episode_Reward/knee_bend_maintained: 0.0250
      Episode_Reward/pen_stand_too_fast: -0.0021
   Episode_Reward/pen_pull_against_rope: -0.0301
              Episode_Reward/pen_torque: -2.1176
         Episode_Reward/pen_action_rate: -0.0552
        Episode_Reward/pen_action_accel: -0.0055
      Episode_Reward/pen_dof_pos_limits: -0.1920
            Episode_Termination/timeout: 0.0000
        Episode_Termination/board_range: 0.0000
               Episode_Termination/fell: 1.0000
--------------------------------------------------------------------------------
                         Iteration time: 1.39s
                           Time elapsed: 00:00:38
                                    ETA: 00:00:07

################################################################################
[1m                            Learning iteration 25/30                            [0m 

                            Total steps: 9984 
                       Steps per second: 259 
                        Collection time: 1.320s 
                          Learning time: 0.161s 
                        Mean value loss: 29.2889
                    Mean surrogate loss: -0.0114
                      Mean entropy loss: 52.5053
                            Mean reward: -17.39
                    Mean episode length: 12.30
                        Mean action std: 1.00
           Episode_Reward/pelvis_height: 0.0568
         Episode_Reward/height_progress: 0.0000
             Episode_Reward/uprightness: 0.0382
                Episode_Reward/survival: 0.0149
           Episode_Reward/forward_glide: 0.0117
           Episode_Reward/success_bonus: 0.0000
    Episode_Reward/board_positive_angle: 0.0267
           Episode_Reward/arms_straight: 0.0020
          Episode_Reward/handle_at_hips: 0.0126
      Episode_Reward/lean_back_moderate: 0.0013
    Episode_Reward/knee_bend_maintained: 0.0239
      Episode_Reward/pen_stand_too_fast: -0.0027
   Episode_Reward/pen_pull_against_rope: -0.0284
              Episode_Reward/pen_torque: -2.0223
         Episode_Reward/pen_action_rate: -0.0547
        Episode_Reward/pen_action_accel: -0.0055
      Episode_Reward/pen_dof_pos_limits: -0.1802
            Episode_Termination/timeout: 0.0000
        Episode_Termination/board_range: 0.0000
               Episode_Termination/fell: 1.0000
--------------------------------------------------------------------------------
                         Iteration time: 1.48s
                           Time elapsed: 00:00:39
                                    ETA: 00:00:06

[33m16:44:31 [articulation.py] WARNING: The function 'set_external_force_and_torque' will be deprecated in a future release. Please use 'permanent_wrench_composer.set_forces_and_torques' instead.[0m
################################################################################
[1m                            Learning iteration 26/30                            [0m 

                            Total steps: 10368 
                       Steps per second: 266 
                        Collection time: 1.292s 
                          Learning time: 0.148s 
                        Mean value loss: 32.6628
                    Mean surrogate loss: -0.0225
                      Mean entropy loss: 52.5056
                            Mean reward: -17.02
                    Mean episode length: 12.08
                        Mean action std: 1.00
           Episode_Reward/pelvis_height: 0.0531
         Episode_Reward/height_progress: 0.0000
             Episode_Reward/uprightness: 0.0353
                Episode_Reward/survival: 0.0134
           Episode_Reward/forward_glide: 0.0112
           Episode_Reward/success_bonus: 0.0000
    Episode_Reward/board_positive_angle: 0.0256
           Episode_Reward/arms_straight: 0.0020
          Episode_Reward/handle_at_hips: 0.0120
      Episode_Reward/lean_back_moderate: 0.0010
    Episode_Reward/knee_bend_maintained: 0.0214
      Episode_Reward/pen_stand_too_fast: -0.0027
   Episode_Reward/pen_pull_against_rope: -0.0236
              Episode_Reward/pen_torque: -1.8026
         Episode_Reward/pen_action_rate: -0.0523
        Episode_Reward/pen_action_accel: -0.0052
      Episode_Reward/pen_dof_pos_limits: -0.1496
            Episode_Termination/timeout: 0.0000
        Episode_Termination/board_range: 0.0000
               Episode_Termination/fell: 1.0000
--------------------------------------------------------------------------------
                         Iteration time: 1.44s
                           Time elapsed: 00:00:40
                                    ETA: 00:00:04

################################################################################
[1m                            Learning iteration 27/30                            [0m 

                            Total steps: 10752 
                       Steps per second: 264 
                        Collection time: 1.275s 
                          Learning time: 0.176s 
                        Mean value loss: 20.1674
                    Mean surrogate loss: -0.0225
                      Mean entropy loss: 52.5057
                            Mean reward: -16.47
                    Mean episode length: 11.72
                        Mean action std: 1.00
           Episode_Reward/pelvis_height: 0.0551
         Episode_Reward/height_progress: 0.0000
             Episode_Reward/uprightness: 0.0364
                Episode_Reward/survival: 0.0142
           Episode_Reward/forward_glide: 0.0107
           Episode_Reward/success_bonus: 0.0000
    Episode_Reward/board_positive_angle: 0.0261
           Episode_Reward/arms_straight: 0.0022
          Episode_Reward/handle_at_hips: 0.0125
      Episode_Reward/lean_back_moderate: 0.0011
    Episode_Reward/knee_bend_maintained: 0.0227
      Episode_Reward/pen_stand_too_fast: -0.0031
   Episode_Reward/pen_pull_against_rope: -0.0257
              Episode_Reward/pen_torque: -1.9055
         Episode_Reward/pen_action_rate: -0.0529
        Episode_Reward/pen_action_accel: -0.0053
      Episode_Reward/pen_dof_pos_limits: -0.1644
            Episode_Termination/timeout: 0.0000
        Episode_Termination/board_range: 0.0000
               Episode_Termination/fell: 1.0000
--------------------------------------------------------------------------------
                         Iteration time: 1.45s
                           Time elapsed: 00:00:42
                                    ETA: 00:00:03

################################################################################
[1m                            Learning iteration 28/30                            [0m 

                            Total steps: 11136 
                       Steps per second: 271 
                        Collection time: 1.278s 
                          Learning time: 0.138s 
                        Mean value loss: 37.5376
                    Mean surrogate loss: -0.0269
                      Mean entropy loss: 52.5058
                            Mean reward: -16.24
                    Mean episode length: 11.59
                        Mean action std: 1.00
           Episode_Reward/pelvis_height: 0.0552
         Episode_Reward/height_progress: 0.0000
             Episode_Reward/uprightness: 0.0366
                Episode_Reward/survival: 0.0142
           Episode_Reward/forward_glide: 0.0117
           Episode_Reward/success_bonus: 0.0000
    Episode_Reward/board_positive_angle: 0.0261
           Episode_Reward/arms_straight: 0.0022
          Episode_Reward/handle_at_hips: 0.0119
      Episode_Reward/lean_back_moderate: 0.0011
    Episode_Reward/knee_bend_maintained: 0.0228
      Episode_Reward/pen_stand_too_fast: -0.0031
   Episode_Reward/pen_pull_against_rope: -0.0258
              Episode_Reward/pen_torque: -1.9137
         Episode_Reward/pen_action_rate: -0.0525
        Episode_Reward/pen_action_accel: -0.0053
      Episode_Reward/pen_dof_pos_limits: -0.1645
            Episode_Termination/timeout: 0.0000
        Episode_Termination/board_range: 0.0000
               Episode_Termination/fell: 1.0000
--------------------------------------------------------------------------------
                         Iteration time: 1.42s
                           Time elapsed: 00:00:43
                                    ETA: 00:00:01

[33m16:44:36 [articulation.py] WARNING: The function 'set_external_force_and_torque' will be deprecated in a future release. Please use 'permanent_wrench_composer.set_forces_and_torques' instead.[0m
################################################################################
[1m                            Learning iteration 29/30                            [0m 

                            Total steps: 11520 
                       Steps per second: 268 
                        Collection time: 1.284s 
                          Learning time: 0.146s 
                        Mean value loss: 24.9330
                    Mean surrogate loss: -0.0277
                      Mean entropy loss: 52.5059
                            Mean reward: -16.60
                    Mean episode length: 11.87
                        Mean action std: 1.00
           Episode_Reward/pelvis_height: 0.0647
         Episode_Reward/height_progress: 0.0000
             Episode_Reward/uprightness: 0.0427
                Episode_Reward/survival: 0.0173
           Episode_Reward/forward_glide: 0.0132
           Episode_Reward/success_bonus: 0.0000
    Episode_Reward/board_positive_angle: 0.0299
           Episode_Reward/arms_straight: 0.0023
          Episode_Reward/handle_at_hips: 0.0137
      Episode_Reward/lean_back_moderate: 0.0013
    Episode_Reward/knee_bend_maintained: 0.0277
      Episode_Reward/pen_stand_too_fast: -0.0028
   Episode_Reward/pen_pull_against_rope: -0.0345
              Episode_Reward/pen_torque: -2.3423
         Episode_Reward/pen_action_rate: -0.0572
        Episode_Reward/pen_action_accel: -0.0057
      Episode_Reward/pen_dof_pos_limits: -0.2216
            Episode_Termination/timeout: 0.0000
        Episode_Termination/board_range: 0.0000
               Episode_Termination/fell: 1.0000
--------------------------------------------------------------------------------
                         Iteration time: 1.43s
                           Time elapsed: 00:00:45
                                    ETA: 00:00:00

