[INFO][AppLauncher]: Using device: cuda:0
[INFO][AppLauncher]: Loading experience file: /workspace/isaaclab/apps/isaaclab.python.headless.kit
[Info] [carb] Logging to file: /isaac-sim/kit/logs/Kit/Isaac-Sim/5.1/kit_20260620_153655.log
2026-06-20T15:36:55Z [798ms] [Warning] [omni.platforminfo.plugin] failed to open the default display.  Can't verify X Server version.
2026-06-20T15:36:55Z [825ms] [Warning] [omni.usd_config.extension] Enable omni.materialx.libs extension to use MaterialX
2026-06-20T15:36:57Z [2,040ms] [Warning] [carb] Acquiring non optional plugin interface which is not listed as dependency: [omni::physx::IPhysxBenchmarks v1.0] (plugin: <default plugin>), by client: omni.physics.physx.plugin. Add it to CARB_PLUGIN_IMPL_DEPS() macro of a client.
2026-06-20T15:36:57Z [2,680ms] [Warning] [omni.isaac.dynamic_control] omni.isaac.dynamic_control is deprecated as of Isaac Sim 4.5. No action is needed from end-users.

|---------------------------------------------------------------------------------------------|
| Driver Version: 580.159.03    | Graphics API: Vulkan
|=============================================================================================|
| GPU | Name                             | Active | LDA | GPU Memory | Vendor-ID | LUID       |
|     |                                  |        |     |            | Device-ID | UUID       |
|     |                                  |        |     |            | Bus-ID    |            |
|---------------------------------------------------------------------------------------------|
| 0   | NVIDIA L4                        | Yes: 0 |     | 23034   MB | 10de      | 0          |
|     |                                  |        |     |            | 27b8      | 1834a8c7.. |
|     |                                  |        |     |            | 0         |            |
|=============================================================================================|
| OS: 24.04.2 LTS (Noble Numbat) ubuntu, Version: 24.04.2, Kernel: 6.8.0-1007-gcp
| Processor: Intel(R) Xeon(R) CPU @ 2.20GHz
| Cores: 4 | Logical Cores: 8
|---------------------------------------------------------------------------------------------|
| Total Memory (MB): 32093 | Free Memory: 28243
| Total Page/Swap (MB): 16383 | Free Page/Swap: 0
|---------------------------------------------------------------------------------------------|
cat: '/sys/devices/system/cpu/cpu*/cpufreq/scaling_governor': No such file or directory
2026-06-20T15:37:06Z [10,984ms] [Warning] [gpu.foundation.plugin] ECC is enabled on physical device 0
2026-06-20T15:37:13Z [18,240ms] [Warning] [isaaclab.envs.manager_based_env] Seed not set for the environment. The environment creation may not be deterministic.

[36m======================================================================================[0m
[36m[1m[INFO][IsaacLab]: Logging to file: /tmp/isaaclab/logs/isaaclab_2026-06-20_15-37-13.log[0m
[36m======================================================================================[0m

[33m15:37:13 [simulation_context.py] WARNING: The `enable_external_forces_every_iteration` parameter in the PhysxCfg is set to False. If you are experiencing noisy velocities, consider enabling this flag. You may need to slightly increase the number of velocity iterations (setting it to 1 or 2 rather than 0), together with this flag, to improve the accuracy of velocity updates.[0m
[INFO]: Base environment:
	Environment device    : cuda:0
	Environment seed      : None
	Physics step-size     : 0.005
	Rendering step-size   : 0.005
	Environment step-size : 0.02
[33m15:37:13 [manager_based_env.py] WARNING: The render interval (1) is smaller than the decimation (4). Multiple render calls will happen for each environment step. If this is not intended, set the render interval to be equal to the decimation.[0m
[INFO]: Time taken for scene creation : 1.070800 seconds
[INFO]: Scene manager:  <class InteractiveScene>
	Number of environments: 16
	Environment spacing   : 4.0
	Source prim name      : /World/envs/env_0
	Global prim paths     : []
	Replicate physics     : True
[INFO]: Starting the simulation. This may take a few seconds. Please wait...
[INFO]: Time taken for simulation start : 1.032949 seconds
[INFO] Command Manager:  <CommandManager> contains 0 active terms.
+------------------------+
|  Active Command Terms  |
+--------+-------+-------+
| Index  | Name  |  Type |
+--------+-------+-------+
+--------+-------+-------+

[INFO] Event Manager:  <EventManager> contains 1 active terms.
+----------------------------------+
| Active Event Terms in Mode: 'reset' |
+------------+---------------------+
|   Index    | Name                |
+------------+---------------------+
|     0      | reset_pose          |
+------------+---------------------+

[INFO] Recorder Manager:  <RecorderManager> contains 0 active terms.
+---------------------+
| Active Recorder Terms |
+-----------+---------+
|   Index   | Name    |
+-----------+---------+
+-----------+---------+

[INFO] Action Manager:  <ActionManager> contains 1 active terms.
+------------------------------------+
|  Active Action Terms (shape: 37)   |
+--------+-------------+-------------+
| Index  | Name        |   Dimension |
+--------+-------------+-------------+
|   0    | joint_pos   |          37 |
+--------+-------------+-------------+

[INFO] Observation Manager: <ObservationManager> contains 1 groups.
+--------------------------------------------------------+
| Active Observation Terms in Group: 'policy' (shape: (126,)) |
+-------------+----------------------------+-------------+
|    Index    | Name                       |    Shape    |
+-------------+----------------------------+-------------+
|      0      | joint_pos                  |    (37,)    |
|      1      | joint_vel                  |    (37,)    |
|      2      | base_ang_vel               |     (3,)    |
|      3      | proj_gravity               |     (3,)    |
|      4      | last_action                |    (37,)    |
|      5      | board_pitch                |     (1,)    |
|      6      | rope_force                 |     (3,)    |
|      7      | handle_rel                 |     (3,)    |
|      8      | v_pull                     |     (1,)    |
|      9      | phase                      |     (1,)    |
+-------------+----------------------------+-------------+

[INFO] Termination Manager:  <TerminationManager> contains 3 active terms.
+--------------------------------+
|    Active Termination Terms    |
+-------+-------------+----------+
| Index | Name        | Time Out |
+-------+-------------+----------+
|   0   | timeout     |   True   |
|   1   | board_range |  False   |
|   2   | fell        |  False   |
+-------+-------------+----------+

[INFO] Reward Manager:  <RewardManager> contains 17 active terms.
+-----------------------------------------+
|           Active Reward Terms           |
+-------+-----------------------+---------+
| Index | Name                  |  Weight |
+-------+-----------------------+---------+
|   0   | pelvis_height         |     2.0 |
|   1   | height_progress       |     1.5 |
|   2   | uprightness           |     2.0 |
|   3   | survival              |     0.5 |
|   4   | forward_glide         |     1.0 |
|   5   | success_bonus         |    50.0 |
|   6   | board_positive_angle  |     1.5 |
|   7   | arms_straight         |     1.0 |
|   8   | handle_at_hips        |     0.8 |
|   9   | lean_back_moderate    |     0.7 |
|   10  | knee_bend_maintained  |     0.8 |
|   11  | pen_stand_too_fast    |    -1.0 |
|   12  | pen_pull_against_rope |    -1.0 |
|   13  | pen_torque            | -0.0001 |
|   14  | pen_action_rate       |   -0.01 |
|   15  | pen_action_accel      |  -0.001 |
|   16  | pen_dof_pos_limits    |    -5.0 |
+-------+-----------------------+---------+

[INFO] Curriculum Manager:  <CurriculumManager> contains 0 active terms.
+----------------------+
| Active Curriculum Terms |
+-----------+----------+
|   Index   | Name     |
+-----------+----------+
+-----------+----------+

[INFO]: Completed setting up the environment...
--------------------------------------------------------------------------------
Resolved observation sets: 
	 actor :  ['policy']
	 critic :  ['policy']
--------------------------------------------------------------------------------
Actor Model: MLPModel(
  (obs_normalizer): Identity()
  (distribution): GaussianDistribution()
  (mlp): MLP(
    (0): Linear(in_features=126, out_features=256, bias=True)
    (1): ELU(alpha=1.0)
    (2): Linear(in_features=256, out_features=256, bias=True)
    (3): ELU(alpha=1.0)
    (4): Linear(in_features=256, out_features=37, bias=True)
  )
)
Critic Model: MLPModel(
  (obs_normalizer): Identity()
  (mlp): MLP(
    (0): Linear(in_features=126, out_features=256, bias=True)
    (1): ELU(alpha=1.0)
    (2): Linear(in_features=256, out_features=256, bias=True)
    (3): ELU(alpha=1.0)
    (4): Linear(in_features=256, out_features=1, bias=True)
  )
)
Could not find git repository in /isaac-sim/kit/python/lib/python3.11/site-packages/rsl_rl/__init__.py. Skipping.
################################################################################
[1m                             Learning iteration 0/2                             [0m 

                            Total steps: 384 
                       Steps per second: 243 
                        Collection time: 1.179s 
                          Learning time: 0.397s 
                        Mean value loss: 0.1217
                    Mean surrogate loss: -0.0450
                      Mean entropy loss: 52.4961
                            Mean reward: 0.08
                    Mean episode length: 19.00
                        Mean action std: 1.00
           Episode_Reward/pelvis_height: 0.0238
         Episode_Reward/height_progress: 0.0000
             Episode_Reward/uprightness: 0.0234
                Episode_Reward/survival: 0.0059
           Episode_Reward/forward_glide: 0.0000
           Episode_Reward/success_bonus: 0.0000
    Episode_Reward/board_positive_angle: 0.0002
           Episode_Reward/arms_straight: 0.0005
          Episode_Reward/handle_at_hips: 0.0047
      Episode_Reward/lean_back_moderate: 0.0000
    Episode_Reward/knee_bend_maintained: 0.0095
      Episode_Reward/pen_stand_too_fast: 0.0000
   Episode_Reward/pen_pull_against_rope: 0.0000
              Episode_Reward/pen_torque: -0.0405
         Episode_Reward/pen_action_rate: -0.0095
        Episode_Reward/pen_action_accel: -0.0009
      Episode_Reward/pen_dof_pos_limits: -0.0147
            Episode_Termination/timeout: 0.0156
        Episode_Termination/board_range: 0.0000
               Episode_Termination/fell: 0.0000
--------------------------------------------------------------------------------
                         Iteration time: 1.58s
                           Time elapsed: 00:00:01
                                    ETA: 00:00:01

################################################################################
[1m                             Learning iteration 1/2                             [0m 

                            Total steps: 768 
                       Steps per second: 311 
                        Collection time: 1.095s 
                          Learning time: 0.138s 
                        Mean value loss: 0.0493
                    Mean surrogate loss: -0.0777
                      Mean entropy loss: 52.4973
                            Mean reward: -0.46
                    Mean episode length: 36.53
                        Mean action std: 1.00
           Episode_Reward/pelvis_height: 0.1662
         Episode_Reward/height_progress: 0.0002
             Episode_Reward/uprightness: 0.1492
                Episode_Reward/survival: 0.0430
           Episode_Reward/forward_glide: 0.0000
           Episode_Reward/success_bonus: 0.0000
    Episode_Reward/board_positive_angle: 0.0014
           Episode_Reward/arms_straight: 0.0038
          Episode_Reward/handle_at_hips: 0.0343
      Episode_Reward/lean_back_moderate: 0.0000
    Episode_Reward/knee_bend_maintained: 0.0687
      Episode_Reward/pen_stand_too_fast: -0.0005
   Episode_Reward/pen_pull_against_rope: 0.0000
              Episode_Reward/pen_torque: -0.3179
         Episode_Reward/pen_action_rate: -0.0690
        Episode_Reward/pen_action_accel: -0.0069
      Episode_Reward/pen_dof_pos_limits: -0.1153
            Episode_Termination/timeout: 0.0625
        Episode_Termination/board_range: 0.0000
               Episode_Termination/fell: 0.4089
--------------------------------------------------------------------------------
                         Iteration time: 1.23s
                           Time elapsed: 00:00:02
                                    ETA: 00:00:00

time="2026-06-20T15:57:50Z" level=error msg="error waiting for container: context canceled"
canceled
