 Network docker_default  Creating
 Network docker_default  Created
 Volume "docker_wb-ckpts"  Creating
 Volume "docker_wb-ckpts"  Created
 Volume "docker_hf-cache"  Creating
 Volume "docker_hf-cache"  Created

The NVIDIA Isaac Sim Additional Software and Materials License must be accepted before
Isaac Sim can start. The license terms for this product can be viewed at
https://www.nvidia.com/en-us/agreements/enterprise-software/isaac-sim-additional-software-and-materials-license/

Omniverse Software collects installation and configuration details about your software, hardware, and network
configuration (e.g., version of operating system, applications installed, type of hardware, network speed, IP
address) based on our legitimate interest in improving your experience. To improve performance, troubleshooting
and diagnostic purposes of our software, we also collect session behavior, error and crash logs.

Data Collection in container mode is completely anonymous unless specified. You may opt-out of this collection
anytime by not setting the OMNI_ENV_PRIVACY_CONSENT environment variable.

To opt-in set the OMNI_ENV_PRIVACY_CONSENT environment variable when running the container. Set the 
OMNI_ENV_PRIVACY_USERID environment variable tag the telemetry data with a user ID.
[Info] [carb] Logging to file: /root/.nvidia-omniverse/logs/Kit/Isaac-Sim Streaming/5.1/kit_20260620_143639.log
[0.322s] [ext: omni.kit.async_engine-0.0.3] startup
[1.321s] [ext: omni.metrics.core-0.0.3] startup
[1.322s] [ext: omni.client.lib-1.1.0] startup
[1.358s] [ext: omni.blobkey-1.1.2] startup
[1.358s] [ext: omni.stats-1.0.1] startup
[1.361s] [ext: omni.datastore-0.0.0] startup
[1.370s] [ext: omni.client-1.3.0] startup
[1.377s] [ext: omni.ujitso.default-1.0.0] startup
[1.382s] [ext: omni.hsscclient-1.1.2] startup
[1.391s] [ext: omni.gpu_foundation.shadercache.vulkan-1.0.0] startup
[1.402s] [ext: omni.assets.plugins-0.0.0] startup
[1.404s] [ext: omni.gpu_foundation-0.0.0] startup
[1.419s] [ext: carb.windowing.plugins-1.0.0] startup
2026-06-20T14:36:40Z [1,402ms] [Warning] [carb.windowing-glfw.plugin] GLFW initialization failed.
2026-06-20T14:36:40Z [1,402ms] [Warning] [carb] Failed to startup plugin carb.windowing-glfw.plugin (interfaces: [carb::windowing::IGLContext v1.0],[carb::windowing::IWindowing v1.5]) (impl: carb.windowing-glfw.plugin)
[1.421s] [ext: omni.kit.renderer.init-0.0.0] startup
2026-06-20T14:36:40Z [1,417ms] [Warning] [omni.platforminfo.plugin] failed to open the default display.  Can't verify X Server version.

|---------------------------------------------------------------------------------------------|
| Driver Version: 580.159.03    | Graphics API: Vulkan
|=============================================================================================|
| GPU | Name                             | Active | LDA | GPU Memory | Vendor-ID | LUID       |
|     |                                  |        |     |            | Device-ID | UUID       |
|     |                                  |        |     |            | Bus-ID    |            |
|---------------------------------------------------------------------------------------------|
| 0   | NVIDIA L4                        | Yes: 0 |     | 23034   MB | 10de      | 0          |
|     |                                  |        |     |            | 27b8      | 1834a8c7.. |
|     |                                  |        |     |            | 0         |            |
|=============================================================================================|
| OS: 24.04.2 LTS (Noble Numbat) ubuntu, Version: 24.04.2, Kernel: 6.8.0-1007-gcp
| Processor: Intel(R) Xeon(R) CPU @ 2.20GHz
| Cores: 4 | Logical Cores: 8
|---------------------------------------------------------------------------------------------|
| Total Memory (MB): 32093 | Free Memory: 28758
| Total Page/Swap (MB): 16383 | Free Page/Swap: 0
|---------------------------------------------------------------------------------------------|
cat: '/sys/devices/system/cpu/cpu*/cpufreq/scaling_governor': No such file or directory
2026-06-20T14:36:42Z [3,087ms] [Warning] [gpu.foundation.plugin] ECC is enabled on physical device 0
[3.419s] [ext: omni.kit.pipapi-0.0.0] startup
[3.425s] [ext: omni.kit.pip_archive-0.0.0] startup
[3.426s] [ext: omni.pip.compute-1.6.3] startup
[3.428s] [ext: omni.materialx.libs-1.0.7] startup
[3.445s] [ext: omni.pip.cloud-1.4.3] startup
[3.452s] [ext: omni.isaac.core_archive-3.0.0] startup
[3.453s] [ext: omni.usd.config-1.0.6] startup
[3.462s] [ext: omni.gpucompute.plugins-0.0.0] startup
[3.463s] [ext: omni.usd.libs-1.0.1] startup
[3.608s] [ext: omni.mdl-56.0.3] startup
[4.113s] [ext: omni.iray.libs-0.0.0] startup
[4.123s] [ext: omni.mdl.neuraylib-0.2.12] startup
[4.135s] [ext: omni.kit.usd.mdl-1.1.5] startup
[4.299s] [ext: omni.isaac.ml_archive-3.0.4] startup
[4.300s] [ext: omni.kit.loop-isaac-1.3.7] startup
[4.303s] [ext: omni.kit.test-2.0.1] startup
[4.610s] [ext: omni.services.pip_archive-0.16.0] startup
[4.612s] [ext: omni.kit.telemetry-0.5.2] startup
[4.658s] [ext: omni.appwindow-1.1.10] startup
2026-06-20T14:36:43Z [4,643ms] [Warning] [carb.windowing-glfw.plugin] GLFW initialization failed.
2026-06-20T14:36:43Z [4,643ms] [Warning] [carb] Failed to startup plugin carb.windowing-glfw.plugin (interfaces: [carb::windowing::IGLContext v1.0],[carb::windowing::IWindowing v1.5]) (impl: carb.windowing-glfw.plugin)
[4.669s] [ext: omni.kit.renderer.core-1.1.0] startup
2026-06-20T14:36:44Z [5,061ms] [Warning] [carb.windowing-glfw.plugin] GLFW initialization failed.
2026-06-20T14:36:44Z [5,061ms] [Warning] [carb] Failed to startup plugin carb.windowing-glfw.plugin (interfaces: [carb::windowing::IGLContext v1.0],[carb::windowing::IWindowing v1.5]) (impl: carb.windowing-glfw.plugin)
2026-06-20T14:36:44Z [5,077ms] [Warning] [carb.windowing-glfw.plugin] GLFW initialization failed.
2026-06-20T14:36:44Z [5,077ms] [Warning] [carb] Failed to startup plugin carb.windowing-glfw.plugin (interfaces: [carb::windowing::IGLContext v1.0],[carb::windowing::IWindowing v1.5]) (impl: carb.windowing-glfw.plugin)
[5.100s] [ext: omni.kit.renderer.capture-0.0.0] startup
[5.106s] [ext: omni.kit.renderer.imgui-2.0.5] startup
2026-06-20T14:36:44Z [5,094ms] [Warning] [carb.windowing-glfw.plugin] GLFW initialization failed.
2026-06-20T14:36:44Z [5,094ms] [Warning] [carb] Failed to startup plugin carb.windowing-glfw.plugin (interfaces: [carb::windowing::IGLContext v1.0],[carb::windowing::IWindowing v1.5]) (impl: carb.windowing-glfw.plugin)
2026-06-20T14:36:44Z [5,101ms] [Warning] [carb.windowing-glfw.plugin] GLFW initialization failed.
2026-06-20T14:36:44Z [5,101ms] [Warning] [carb] Failed to startup plugin carb.windowing-glfw.plugin (interfaces: [carb::windowing::IGLContext v1.0],[carb::windowing::IWindowing v1.5]) (impl: carb.windowing-glfw.plugin)
2026-06-20T14:36:44Z [5,103ms] [Warning] [carb.windowing-glfw.plugin] GLFW initialization failed.
2026-06-20T14:36:44Z [5,103ms] [Warning] [carb] Failed to startup plugin carb.windowing-glfw.plugin (interfaces: [carb::windowing::IGLContext v1.0],[carb::windowing::IWindowing v1.5]) (impl: carb.windowing-glfw.plugin)
[5.284s] [ext: omni.ui-2.27.1] startup
[5.313s] [ext: omni.kit.mainwindow-1.0.3] startup
[5.319s] [ext: carb.audio-0.1.0] startup
[5.326s] [ext: omni.uiaudio-1.0.0] startup
[5.329s] [ext: omni.kit.uiapp-0.0.0] startup
[5.329s] [ext: omni.usd.schema.metrics.assembler-107.3.1] startup
[5.338s] [ext: omni.usd.schema.flow-107.1.1] startup
[5.340s] [ext: omni.anim.graph.schema-107.3.3] startup
[5.365s] [ext: omni.usd.schema.audio-0.0.0] startup
[5.373s] [ext: omni.usd.schema.omniscripting-1.0.0] startup
[5.383s] [ext: omni.usd.schema.anim-0.0.0] startup
[5.410s] [ext: omni.usd.schema.semantics-0.0.0] startup
[5.417s] [ext: omni.usd.schema.geospatial-0.0.0] startup
[5.424s] [ext: omni.kit.window.popup_dialog-2.0.24] startup
[5.451s] [ext: omni.resourcemonitor-107.0.1] startup
[5.459s] [ext: omni.activity.core-1.0.3] startup
[5.463s] [ext: omni.timeline-1.0.14] startup
[5.468s] [ext: omni.usd_resolver-1.0.0] startup
[5.477s] [ext: omni.kit.widget.nucleus_connector-2.0.1] startup
[5.499s] [ext: usdrt.scenegraph-7.6.1] startup
[5.581s] [ext: omni.usd.core-1.5.3] startup
[5.584s] [ext: omni.kit.usd_undo-0.1.8] startup
[5.587s] [ext: omni.graph.exec-0.9.6] startup
[5.588s] [ext: omni.kit.actions.core-1.0.0] startup
[5.595s] [ext: omni.kit.audiodeviceenum-1.0.2] startup
[5.600s] [ext: omni.kit.exec.core-0.13.4] startup
[5.605s] [ext: omni.kit.commands-1.4.10] startup
[5.630s] [ext: omni.hydra.usdrt_delegate-7.5.1] startup
[5.642s] [ext: omni.hydra.scene_delegate-0.3.4] startup
[5.649s] [ext: omni.usd-1.13.10] startup
[5.800s] [ext: omni.kit.asset_converter-5.0.17] startup
[5.828s] [ext: omni.usd.schema.omnigraph-1.0.0] startup
[5.839s] [ext: omni.inspect-1.0.2] startup
[5.842s] [ext: omni.kit.notification_manager-1.0.10] startup
[5.855s] [ext: omni.graph.core-2.184.5] startup
[5.860s] [ext: isaacsim.core.deprecation_manager-0.2.7] startup
[5.874s] [ext: omni.usd.schema.scene.visualization-2.0.2] startup
[5.879s] [ext: omni.usd.schema.isaac-3.0.5] startup
[5.880s] [ext: omni.usd.schema.render_settings.rtx-0.0.0] startup
[5.883s] [ext: omni.usd.schema.omni_lens_distortion-0.0.0] startup
[5.885s] [ext: omni.anim.navigation.schema-107.3.3] startup
[5.891s] [ext: omni.usd.schema.omni_sensors-0.0.0] startup
[5.893s] [ext: omni.usd.schema.physx-107.3.26] startup
[5.948s] [ext: isaacsim.robot.schema-3.6.0] startup
[5.964s] [ext: omni.kit.collaboration.telemetry-1.1.0] startup
[5.966s] [ext: omni.kit.widget.prompt-1.0.7] startup
[5.972s] [ext: omni.kit.collaboration.channel_manager-1.0.14] startup
[5.981s] [ext: omni.kit.widget.options_menu-1.1.6] startup
[6.003s] [ext: omni.kit.widget.path_field-2.0.11] startup
[6.010s] [ext: omni.kit.widget.options_button-1.0.3] startup
[6.014s] [ext: omni.kit.widget.browser_bar-2.0.10] startup
[6.020s] [ext: omni.kit.clipboard-1.0.5] startup
[6.022s] [ext: omni.kit.menu.core-1.1.2] startup
[6.029s] [ext: omni.kit.widget.nucleus_info-2.0.2] startup
[6.032s] [ext: omni.kit.helper.file_utils-0.1.9] startup
[6.040s] [ext: omni.kit.widget.context_menu-1.2.5] startup
[6.049s] [ext: omni.kit.search_core-1.0.8] startup
[6.053s] [ext: omni.kit.widget.filebrowser-2.12.3] startup
[6.103s] [ext: omni.kit.widget.searchable_combobox-1.0.6] startup
[6.111s] [ext: omni.kit.widget.versioning-1.4.10] startup
[6.133s] [ext: omni.ui.scene-1.11.5] startup
[6.145s] [ext: omni.kit.widget.search_delegate-1.0.7] startup
[6.153s] [ext: omni.kit.widget.settings-1.2.6] startup
[6.183s] [ext: omni.kit.menu.utils-2.0.5] startup
[6.256s] [ext: omni.kit.window.filepicker-2.13.4] startup
[6.395s] [ext: omni.kit.window.preferences-1.8.0] startup
[6.429s] [ext: omni.kit.widget.live_session_management.ui-1.0.3] startup
[6.450s] [ext: omni.kit.property.adapter.core-1.0.2] startup
[6.457s] [ext: omni.kit.graph.usd.commands-1.3.1] startup
[6.465s] [ext: omni.kit.property.adapter.usd-1.0.2] startup
[6.471s] [ext: omni.kit.property.adapter.fabric-1.0.3] startup
[6.479s] [ext: omni.kvdb-107.3.26] startup
[6.483s] [ext: omni.physx.foundation-107.3.26] startup
[6.487s] [ext: omni.localcache-107.3.26] startup
[6.490s] [ext: omni.usdphysics-107.3.26] startup
[6.494s] [ext: omni.convexdecomposition-107.3.26] startup
[6.500s] [ext: omni.graph.tools-1.79.2] startup
[6.708s] [ext: omni.physx.cooking-107.3.26] startup
[6.715s] [ext: omni.hydra.rtx.shadercache.vulkan-1.0.0] startup
[6.719s] [ext: omni.kit.window.file_importer-1.1.18] startup
[6.727s] [ext: omni.kit.window.file_exporter-1.0.33] startup
[6.735s] [ext: omni.kit.stage_template.core-1.1.22] startup
[6.740s] [ext: omni.kit.widget.highlight_label-1.0.3] startup
[6.745s] [ext: omni.kit.widget.searchfield-1.1.8] startup
[6.759s] [ext: omni.kit.window.drop_support-1.0.5] startup
[6.762s] [ext: omni.kit.window.file-2.0.5] startup
[6.786s] [ext: omni.kit.window.content_browser_registry-0.0.6] startup
[6.789s] [ext: omni.kit.widget.filter-1.1.4] startup
[6.793s] [ext: omni.kit.hotkeys.core-1.3.10] startup
[6.796s] [ext: omni.kit.window.property-1.12.1] startup
[6.815s] [ext: omni.kit.usd.layers-2.2.11] startup
[6.866s] [ext: omni.kit.window.content_browser-3.1.3] startup
[6.906s] [ext: omni.index.libs-380600.8087.0] startup
[6.906s] [ext: omni.kit.context_menu-1.8.6] startup
[6.934s] [ext: omni.kit.collaboration.presence_layer-1.1.2] startup
[6.951s] [ext: omni.volume-0.5.2] startup
[6.956s] [ext: omni.ujitso.client-0.0.0] startup
[6.957s] [ext: omni.index-1.0.1] startup
[6.958s] [ext: omni.kit.widget.stage-3.1.4] startup
[7.037s] [ext: omni.kit.widget.live_session_management-1.2.23] startup
[7.057s] [ext: omni.hydra.rtx-1.0.0] startup
2026-06-20T14:36:46Z [7,065ms] [Warning] [omni.log] Source: omni.hydra was already registered.
[7.110s] [ext: omni.kit.property.usd-4.5.12] startup
[7.310s] [ext: omni.graph-1.141.2] startup
[7.598s] [ext: omni.physx-107.3.26] startup
[7.629s] [ext: omni.physics-107.3.26] startup
[7.637s] [ext: omni.kit.hydra_texture-1.4.6] startup
[7.645s] [ext: omni.kit.raycast.query-1.1.0] startup
[7.656s] [ext: omni.kit.material.library-2.0.7] startup
[7.719s] [ext: omni.kit.viewport.scene_camera_model-1.0.6] startup
[7.728s] [ext: omni.hydra.engine.stats-1.0.3] startup
[7.734s] [ext: omni.kit.viewport.registry-104.0.6] startup
[7.739s] [ext: omni.kit.widget.viewport-107.1.3] startup
[7.774s] [ext: omni.kit.viewport.legacy_gizmos-1.0.19] startup
[7.779s] [ext: omni.kit.widget.graph-2.0.0] startup
[7.841s] [ext: omni.kit.widget.text_editor-1.1.1] startup
[7.846s] [ext: omni.kit.viewport.window-107.2.0] startup
[7.933s] [ext: omni.kit.graph.delegate.default-1.2.3] startup
[7.937s] [ext: omni.ui_query-1.1.8] startup
[7.944s] [ext: omni.kit.window.extensions-1.4.27] startup
[8.009s] [ext: omni.kit.viewport.utility-1.1.2] startup
[8.017s] [ext: omni.kit.graph.editor.core-1.5.3] startup
[8.052s] [ext: omni.graph.ui-1.101.6] startup
[8.195s] [ext: omni.physics.physx-107.3.26] startup
2026-06-20T14:36:47Z [8,180ms] [Warning] [carb] Acquiring non optional plugin interface which is not listed as dependency: [omni::physx::IPhysxBenchmarks v1.0] (plugin: <default plugin>), by client: omni.physics.physx.plugin. Add it to CARB_PLUGIN_IMPL_DEPS() macro of a client.
[8.200s] [ext: omni.kit.numpy.common-0.1.3] startup
[8.205s] [ext: omni.kit.manipulator.selector-1.1.3] startup
[8.214s] [ext: isaacsim.core.version-2.0.6] startup
[8.217s] [ext: omni.physics.stageupdate-107.3.26] startup
[8.224s] [ext: isaacsim.storage.native-1.5.1] startup
[8.238s] [ext: omni.isaac.dynamic_control-2.0.7] startup
2026-06-20T14:36:47Z [8,230ms] [Warning] [omni.isaac.dynamic_control] omni.isaac.dynamic_control is deprecated as of Isaac Sim 4.5. No action is needed from end-users.
[8.251s] [ext: omni.kit.widget.toolbar-2.0.1] startup
[8.289s] [ext: omni.kit.manipulator.transform-107.0.0] startup
[8.328s] [ext: omni.graph.image.core-0.6.1] startup
[8.330s] [ext: omni.kit.manipulator.tool.snap-1.5.13] startup
[8.354s] [ext: omni.graph.image.nodes-1.3.1] startup
[8.359s] [ext: omni.kit.viewport.manipulator.transform-107.0.4] startup
[8.368s] [ext: omni.kit.manipulator.viewport-107.0.1] startup
[8.379s] [ext: omni.kit.primitive.mesh-1.0.17] startup
[8.408s] [ext: omni.kit.window.cursor-1.1.4] startup
[8.413s] [ext: omni.kit.manipulator.prim.core-107.0.8] startup
[8.456s] [ext: omni.fabric.commands-1.1.6] startup
[8.479s] [ext: omni.kit.viewport.menubar.core-107.2.1] startup
[8.562s] [ext: omni.kit.viewport.actions-107.0.2] startup
[8.582s] [ext: omni.kit.manipulator.prim.usd-107.0.3] startup
[8.590s] [ext: omni.kit.manipulator.prim.fabric-107.0.4] startup
[8.601s] [ext: omni.kit.viewport.menubar.display-107.0.3] startup
[8.612s] [ext: omni.kit.manipulator.selection-106.0.1] startup
[8.624s] [ext: omni.kit.manipulator.prim-107.0.0] startup
[8.625s] [ext: omni.kit.widget.layers-1.8.6] startup
[8.735s] [ext: omni.debugdraw-0.1.4] startup
[8.744s] [ext: omni.graph.action_core-1.1.7] startup
[8.749s] [ext: omni.usdphysics.ui-107.3.26] startup
[8.870s] [ext: omni.physx.commands-107.3.26] startup
[8.933s] [ext: omni.usd.metrics.assembler-107.3.1] startup
[8.942s] [ext: omni.physx.ui-107.3.26] startup
[9.145s] [ext: omni.warp.core-1.8.2] startup
[10.007s] [ext: omni.usd.metrics.assembler.physics-107.3.26] startup
[10.033s] [ext: omni.physics.tensors-107.3.26] startup
[10.067s] [ext: omni.kit.widget.material_preview-1.0.16] startup
[10.081s] [ext: isaacsim.core.utils-3.5.1] startup
[10.094s] [ext: omni.syntheticdata-0.6.13] startup
[10.241s] [ext: omni.kit.window.material_graph-1.9.1] startup
[10.388s] [ext: omni.physx.tensors-107.3.26] startup
[10.395s] [ext: omni.graph.action_nodes-1.50.4] startup
[10.408s] [ext: omni.kit.stage_templates-2.0.0] startup
[10.449s] [ext: isaacsim.core.simulation_manager-1.4.4] startup
[13.847s] [ext: omni.graph.nodes-1.170.10] startup
[13.866s] [ext: omni.graph.action-1.130.0] startup
[13.868s] [ext: omni.graph.ui_nodes-1.50.5] startup
[13.876s] [ext: isaacsim.core.experimental.utils-0.3.0] startup
[13.893s] [ext: isaacsim.core.prims-0.6.1] startup
[14.154s] [ext: isaacsim.test.docstring-1.1.0] startup
[14.225s] [ext: omni.warp-1.8.2] startup
[14.285s] [ext: omni.videoencoding-0.1.2] startup
[14.308s] [ext: omni.graph.scriptnode-1.50.0] startup
[14.330s] [ext: isaacsim.core.experimental.prims-0.8.1] startup
[14.722s] [ext: isaacsim.core.api-4.8.0] startup
[15.130s] [ext: omni.replicator.core-1.12.27] startup
2026-06-20T14:36:54Z [15,300ms] [Warning] [pxr.Semantics] pxr.Semantics is deprecated - please use Semantics instead
Warp 1.8.2 initialized:
   CUDA Toolkit 12.8, Driver 13.0
   Devices:
     "cpu"      : "x86_64"
     "cuda:0"   : "NVIDIA L4" (22 GiB, sm_89, mempool enabled)
   Kernel cache:
     /root/.cache/warp/1.8.2
2026-06-20T14:36:54Z [15,735ms] [Warning] [omni.graph.core.plugin] Found duplicate of category 'Replicator' - was 'Annotators', adding 'Fabric Reader'
2026-06-20T14:36:54Z [15,735ms] [Warning] [omni.graph.core.plugin] Category 'Replicator' not accepted on node type 'omni.replicator.core.FabricReader' in extension 'omni.replicator.core'
2026-06-20T14:36:54Z [15,737ms] [Warning] [omni.replicator.core.scripts.extension] No material configuration file, adding configuration to material settings directly.
[15.763s] [ext: isaacsim.robot.surface_gripper-3.3.1] startup
[15.795s] [ext: isaacsim.core.nodes-3.4.3] startup
[15.872s] [ext: isaacsim.robot.manipulators-3.3.6] startup
[15.947s] [ext: omni.graph.visualization.nodes-2.1.3] startup
[16.247s] [ext: omni.kit.widget.stage_icons-1.0.8] startup
[16.291s] [ext: omni.services.facilities.base-1.0.4] startup
[16.328s] [ext: omni.kit.ui_test-1.3.7] startup
[16.429s] [ext: omni.hydra.scene_api-0.1.2] startup
[16.468s] [ext: omni.kit.window.stage-2.6.1] startup
[16.529s] [ext: omni.kit.menu.create-2.0.1] startup
[16.569s] [ext: isaacsim.gui.components-1.2.1] startup
[16.679s] [ext: isaacsim.robot.manipulators.ui-2.1.23] startup
[16.731s] [ext: omni.services.core-1.9.0] startup
Warp DeprecationWarning: The `warp.sim` module is deprecated and will be removed in v1.10. Please transition to using the forthcoming Newton library instead.
[19.154s] [ext: omni.kit.streamsdk.plugins-7.6.3] startup
[19.156s] [ext: omni.kit.livestream.core-7.5.0] startup
[19.166s] [ext: omni.anim.curve.core-1.3.1] startup
[19.220s] [ext: omni.services.transport.server.base-1.1.1] startup
[19.229s] [ext: isaacsim.gui.content_browser-0.1.11] startup
[19.237s] [ext: omni.kit.livestream.webrtc-7.0.0] startup
Warning: Possible version incompatibility. Attempting to load carb::cudainterop::CudaInterop with version v0.17 against v0.15.

Failed to open [/var/run/utmp]
Active user not found. Using default user [kiosk]Streaming server started.
[24.882s] [ext: omni.kit.scripting-107.3.2] startup
[24.918s] [ext: omni.anim.curve.ui-1.4.1] startup
[24.941s] [ext: omni.services.transport.server.http-1.3.1] startup
[25.006s] [ext: isaacsim.gui.sensors.icon-2.0.3] startup
[25.122s] [ext: omni.kit.graph.delegate.modern-1.10.9] startup
[25.160s] [ext: isaacsim.replicator.behavior-1.1.16] startup
[25.169s] [ext: omni.anim.curve.bundle-1.2.3] startup
[25.170s] [ext: omni.services.livestream.nvcf-7.2.0] startup
[25.202s] [ext: isaacsim.robot_motion.lula-4.0.8] startup
[25.224s] [ext: omni.sensors.nv.common-3.0.0] startup
[25.243s] [ext: isaacsim.core.experimental.materials-0.4.0] startup
[25.270s] [ext: omni.kit.widget.imageview-1.0.4] startup
[25.281s] [ext: isaacsim.robot_motion.motion_generation-8.0.26] startup
[25.319s] [ext: isaacsim.core.experimental.objects-0.4.0] startup
[25.372s] [ext: omni.sensors.net-1.0.0] startup
[25.384s] [ext: isaacsim.util.debug_draw-3.1.0] startup
[25.394s] [ext: isaacsim.sensors.camera-1.3.6] startup
[25.441s] [ext: isaacsim.robot.manipulators.examples-1.1.2] startup
[25.454s] [ext: omni.sensors.nv.materials-2.0.0] startup
[25.466s] [ext: omni.kit.window.quicksearch-2.4.4] startup
[25.491s] [ext: omni.kit.graph.widget.variables-2.1.0] startup
[25.504s] [ext: isaacsim.cortex.framework-1.0.12] startup
[25.509s] [ext: omni.sensors.nv.ids-2.0.0] startup
[25.518s] [ext: isaacsim.sensors.physx-2.3.2] startup
[25.542s] [ext: isaacsim.sensors.physics-0.4.3] startup
[25.575s] [ext: isaacsim.cortex.behaviors-2.0.14] startup
[25.585s] [ext: omni.kit.widget.zoombar-1.0.6] startup
[25.604s] [ext: omni.kit.usd.collect-2.4.5] startup
[25.663s] [ext: omni.kit.browser.core-2.3.13] startup
[25.703s] [ext: omni.sensors.nv.wpm-3.0.0] startup
[25.708s] [ext: omni.kit.tool.collect-2.2.18] startup
[25.726s] [ext: omni.kit.menu.stage-1.2.7] startup
[25.735s] [ext: omni.kit.browser.folder.core-1.10.9] startup
[25.779s] [ext: omni.sensors.nv.radar-3.0.0] startup
[25.790s] [ext: omni.sensors.nv.lidar-3.0.0] startup
[25.801s] [ext: isaacsim.asset.browser-1.3.23] startup
[26.082s] [ext: isaacsim.sensors.rtx-15.8.4] startup
[26.114s] [ext: isaacsim.examples.extension-2.0.12] startup
[26.140s] [ext: omni.isaac.sensor-13.0.7] startup
2026-06-20T14:37:05Z [26,128ms] [Warning] [omni.isaac.sensor] omni.isaac.sensor has been deprecated in favor of isaacsim.sensors.camera, isaacsim.sensors.physics, isaacsim.sensors.physx, and isaacsim.sensors.rtx. Please update your code accordingly.
2026-06-20T14:37:05Z [26,129ms] [Warning] [omni.isaac.sensor.camera] omni.isaac.sensor.camera has been deprecated in favor of isaacsim.sensors.camera.camera. Please update your code accordingly.
2026-06-20T14:37:05Z [26,130ms] [Warning] [omni.isaac.sensor.camera_view] omni.isaac.sensor.camera_view has been deprecated in favor of isaacsim.sensors.camera.camera_view. Please update your code accordingly.
2026-06-20T14:37:05Z [26,130ms] [Warning] [omni.isaac.sensor.commands] omni.isaac.sensor.commands has been deprecated in favor of isaacsim.sensors.physics.commands, isaacsim.sensors.physx.commands, and isaacsim.sensors.rtx.commands. Please update your code accordingly.
2026-06-20T14:37:05Z [26,131ms] [Warning] [omni.isaac.sensor.contact_sensor] omni.isaac.sensor.contact_sensor has been deprecated in favor of isaacsim.sensors.physics.contact_sensor. Please update your code accordingly.
2026-06-20T14:37:05Z [26,132ms] [Warning] [omni.isaac.sensor.imu_sensor] omni.isaac.sensor.imu_sensor has been deprecated in favor of isaacsim.sensors.physics.imu_sensor. Please update your code accordingly.
2026-06-20T14:37:05Z [26,132ms] [Warning] [omni.isaac.sensor.lidar_rtx] omni.isaac.sensor.lidar_rtx has been deprecated in favor of isaacsim.sensors.rtx.lidar_rtx. Please update your code accordingly.
2026-06-20T14:37:05Z [26,133ms] [Warning] [omni.isaac.sensor.rotating_lidar_physX] omni.isaac.sensor.imu_sensor has been deprecated in favor of isaacsim.sensors.physix.rotating_lidar_physX. Please update your code accordingly.
2026-06-20T14:37:05Z [26,134ms] [Warning] [omni.isaac.sensor.scripts.samples.contact_sensor] omni.isaac.sensor.scripts.samples.contact_sensor has been deprecated in favor of isaacsim.sensors.physics.scripts.samples.contact_sensor. Please update your code accordingly.
2026-06-20T14:37:05Z [26,135ms] [Warning] [omni.isaac.sensor.scripts.samples.imu_sensor] omni.isaac.sensor.scripts.samples.imu_sensor has been deprecated in favor of isaacsim.sensors.physics.scripts.samples.imu_sensor. Please update your code accordingly.
2026-06-20T14:37:05Z [26,136ms] [Warning] [omni.isaac.sensor.scripts.samples.lightbeam_sensor] omni.isaac.sensor.scripts.samples.lightbeam_sensor has been deprecated in favor of isaacsim.sensors.physx.scripts.samples.lightbeam_sensor. Please update your code accordingly.
[26.156s] [ext: omni.graph.window.core-2.0.0] startup
[26.287s] [ext: isaacsim.robot.wheeled_robots-4.0.24] startup
[26.321s] [ext: isaacsim.robot.policy.examples-4.1.11] startup
[26.336s] [ext: omni.isaac.asset_browser-1.0.6] startup
2026-06-20T14:37:05Z [26,338ms] [Warning] [omni.isaac.asset_browser] omni.isaac.asset_browser has been deprecated in favor of isaacsim.asset.browser. Please update your code accordingly.
[26.362s] [ext: omni.isaac.universal_robots-1.0.6] startup
2026-06-20T14:37:05Z [26,354ms] [Warning] [omni.isaac.universal_robots] omni.isaac.universal_robots has been deprecated in favor of isaacsim.robot.manipulators.examples.universal_robots. Please update your code accordingly.
2026-06-20T14:37:05Z [26,355ms] [Warning] [omni.isaac.universal_robots.kinematics_solver] omni.isaac.franka has been deprecated in favor of isaacsim.robot.manipulators.examples.universal_robots. Please update your code accordingly.
2026-06-20T14:37:05Z [26,409ms] [Warning] [omni.isaac.universal_robots.ur10] omni.isaac.franka has been deprecated in favor of isaacsim.robot.manipulators.examples.universal_robots. Please update your code accordingly.
[26.434s] [ext: isaacsim.examples.browser-0.2.1] startup
[26.478s] [ext: isaacsim.examples.interactive-4.7.4] startup
[26.825s] [ext: omni.isaac.assets_check-0.3.13] startup
2026-06-20T14:37:06Z [26,827ms] [Warning] [omni.isaac.assets_check] omni.isaac.assets_check has been deprecated in favor of isaacsim.asset.browser. Please update your code accordingly.
[26.847s] [ext: omni.graph.window.generic-1.50.2] startup
[26.980s] [ext: isaacsim.robot.wheeled_robots.ui-2.1.23] startup
[27.004s] [ext: omni.kit.window.script_editor-2.0.1] startup
[27.028s] [ext: isaacsim.gui.property-1.1.3] startup
[27.045s] [ext: isaacsim.sensors.physics.examples-0.1.15] startup
[27.058s] [ext: omni.kit.property.isaac-1.0.6] startup
2026-06-20T14:37:06Z [27,060ms] [Warning] [omni.kit.property.isaac] omni.kit.property.isaac has been deprecated in favor of isaacsim.gui.property. Please update your code accordingly.
2026-06-20T14:37:06Z [27,061ms] [Warning] [omni.kit.property.isaac.widgets] omni.kit.property.isaac.widgets has been deprecated in favor of isaacsim.gui.property.widgets. Please update your code accordingly.
[27.080s] [ext: omni.isaac.core_nodes-2.0.6] startup
2026-06-20T14:37:06Z [27,067ms] [Warning] [omni.isaac.core_nodes] omni.isaac.core_nodes has been deprecated in favor of isaacsim.core.nodes. Please update your code accordingly.
[27.087s] [ext: omni.kit.selection-0.1.6] startup
[27.108s] [ext: omni.isaac.core-4.0.7] startup
2026-06-20T14:37:06Z [27,092ms] [Warning] [omni.isaac.core.physics_context.physics_context] omni.isaac.core.physics_context.physics_context has been deprecated in favor of isaacsim.core.api.physics_context.physics_context. Please update your code accordingly.
2026-06-20T14:37:06Z [27,093ms] [Warning] [omni.isaac.core.simulation_context.simulation_context] omni.isaac.core.simulation_context.simulation_context has been deprecated in favor of isaacsim.core.api.simulation_context.simulation_context. Please update your code accordingly.
2026-06-20T14:37:06Z [27,095ms] [Warning] [omni.isaac.core.world.world] omni.isaac.core.world.world has been deprecated in favor of isaacsim.core.api.world.world. Please update your code accordingly.
2026-06-20T14:37:06Z [27,095ms] [Warning] [omni.isaac.core] omni.isaac.core has been deprecated in favor of isaacsim.core.api. Please update your code accordingly.
[27.115s] [ext: omni.isaac.cortex-1.0.5] startup
2026-06-20T14:37:06Z [27,105ms] [Warning] [omni.isaac.cortex] omni.isaac.cortex has been deprecated in favor of isaacsim.cortex.framework. Please update your code accordingly.
[27.125s] [ext: isaacsim.gui.menu-2.4.4] startup
[27.168s] [ext: omni.kit.usdz_export-1.0.9] startup
[27.191s] [ext: omni.isaac.manipulators-3.0.7] startup
2026-06-20T14:37:06Z [27,176ms] [Warning] [omni.isaac.manipulators] omni.isaac.manipulators has been deprecated in favor of isaacsim.robot.manipulators. Please update your code accordingly.
2026-06-20T14:37:06Z [27,177ms] [Warning] [omni.isaac.manipulators.controllers] omni.isaac.manipulators has been deprecated in favor of isaacsim.robot.manipulators. Please update your code accordingly.
2026-06-20T14:37:06Z [27,178ms] [Warning] [omni.isaac.manipulators.controllers.pick_place_controller] omni.isaac.manipulators has been deprecated in favor of isaacsim.robot.manipulators. Please update your code accordingly.
2026-06-20T14:37:06Z [27,178ms] [Warning] [omni.isaac.manipulators.controllers.stacking_controller] omni.isaac.manipulators has been deprecated in favor of isaacsim.robot.manipulators. Please update your code accordingly.
2026-06-20T14:37:06Z [27,179ms] [Warning] [omni.isaac.manipulators.grippers] omni.isaac.manipulators has been deprecated in favor of isaacsim.robot.manipulators. Please update your code accordingly.
2026-06-20T14:37:06Z [27,180ms] [Warning] [omni.isaac.manipulators.grippers.gripper] omni.isaac.manipulators has been deprecated in favor of isaacsim.robot.manipulators. Please update your code accordingly.
2026-06-20T14:37:06Z [27,180ms] [Warning] [omni.isaac.manipulators.grippers.parallel_gripper] omni.isaac.manipulators has been deprecated in favor of isaacsim.robot.manipulators. Please update your code accordingly.
2026-06-20T14:37:06Z [27,181ms] [Warning] [omni.isaac.manipulators.grippers.surface_gripper] omni.isaac.manipulators has been deprecated in favor of isaacsim.robot.manipulators. Please update your code accordingly.
2026-06-20T14:37:06Z [27,182ms] [Warning] [omni.isaac.manipulators.manipulators] omni.isaac.manipulators has been deprecated in favor of isaacsim.robot.manipulators. Please update your code accordingly.
2026-06-20T14:37:06Z [27,182ms] [Warning] [omni.isaac.manipulators.manipulators.single_manipulator] omni.isaac.manipulators has been deprecated in favor of isaacsim.robot.manipulators. Please update your code accordingly.
[27.207s] [ext: omni.isaac.menu-1.0.6] startup
2026-06-20T14:37:06Z [27,190ms] [Warning] [omni.isaac.menu] omni.isaac.menu has been deprecated in favor of isaacsim.gui.menu. Please update your code accordingly.
[27.216s] [ext: omni.kit.tool.asset_importer-4.3.2] startup
[27.261s] [ext: omni.isaac.motion_generation-8.0.7] startup
2026-06-20T14:37:06Z [27,246ms] [Warning] [omni.isaac.motion_generation] omni.isaac.motion_generation has been deprecated in favor of isaacsim.robot_motion.motion_generation. Please update your code accordingly.
2026-06-20T14:37:06Z [27,247ms] [Warning] [omni.isaac.motion_generation.articulation_kinematics_solver] omni.isaac.motion_generation has been deprecated in favor of isaacsim.robot_motion.motion_generation. Please update your code accordingly.
2026-06-20T14:37:06Z [27,248ms] [Warning] [omni.isaac.motion_generation.articulation_motion_policy] omni.isaac.motion_generation has been deprecated in favor of isaacsim.robot_motion.motion_generation. Please update your code accordingly.
2026-06-20T14:37:06Z [27,248ms] [Warning] [omni.isaac.motion_generation.articulation_trajectory] omni.isaac.motion_generation has been deprecated in favor of isaacsim.robot_motion.motion_generation. Please update your code accordingly.
2026-06-20T14:37:06Z [27,249ms] [Warning] [omni.isaac.motion_generation.kinematics_interface] omni.isaac.motion_generation has been deprecated in favor of isaacsim.robot_motion.motion_generation. Please update your code accordingly.
2026-06-20T14:37:06Z [27,250ms] [Warning] [omni.isaac.motion_generation.lula] omni.isaac.motion_generation has been deprecated in favor of isaacsim.robot_motion.motion_generation. Please update your code accordingly.
2026-06-20T14:37:06Z [27,250ms] [Warning] [omni.isaac.motion_generation.lula.kinematics] omni.isaac.motion_generation has been deprecated in favor of isaacsim.robot_motion.motion_generation. Please update your code accordingly.
2026-06-20T14:37:06Z [27,251ms] [Warning] [omni.isaac.motion_generation.lula.motion_policies] omni.isaac.motion_generation has been deprecated in favor of isaacsim.robot_motion.motion_generation. Please update your code accordingly.
2026-06-20T14:37:06Z [27,251ms] [Warning] [omni.isaac.motion_generation.lula.path_planners] omni.isaac.motion_generation has been deprecated in favor of isaacsim.robot_motion.motion_generation. Please update your code accordingly.
2026-06-20T14:37:06Z [27,252ms] [Warning] [omni.isaac.motion_generation.lula.trajectory_generator] omni.isaac.motion_generation has been deprecated in favor of isaacsim.robot_motion.motion_generation. Please update your code accordingly.
2026-06-20T14:37:06Z [27,252ms] [Warning] [omni.isaac.motion_generation.motion_policy_controller] omni.isaac.motion_generation has been deprecated in favor of isaacsim.robot_motion.motion_generation. Please update your code accordingly.
2026-06-20T14:37:06Z [27,253ms] [Warning] [omni.isaac.motion_generation.motion_policy_interface] omni.isaac.motion_generation has been deprecated in favor of isaacsim.robot_motion.motion_generation. Please update your code accordingly.
2026-06-20T14:37:06Z [27,254ms] [Warning] [omni.isaac.motion_generation.path_planner_visualizer] omni.isaac.motion_generation has been deprecated in favor of isaacsim.robot_motion.motion_generation. Please update your code accordingly.
2026-06-20T14:37:06Z [27,254ms] [Warning] [omni.isaac.motion_generation.path_planning_interface] omni.isaac.motion_generation has been deprecated in favor of isaacsim.robot_motion.motion_generation. Please update your code accordingly.
2026-06-20T14:37:06Z [27,255ms] [Warning] [omni.isaac.motion_generation.trajectory] omni.isaac.motion_generation has been deprecated in favor of isaacsim.robot_motion.motion_generation. Please update your code accordingly.
2026-06-20T14:37:06Z [27,255ms] [Warning] [omni.isaac.motion_generation.world_interface] omni.isaac.motion_generation has been deprecated in favor of isaacsim.robot_motion.motion_generation. Please update your code accordingly.
[27.279s] [ext: omni.isaac.nucleus-1.0.6] startup
2026-06-20T14:37:06Z [27,266ms] [Warning] [omni.isaac.nucleus] omni.isaac.nucleus has been deprecated in favor of isaacsim.storage.native. Please update your code accordingly.
2026-06-20T14:37:06Z [27,268ms] [Warning] [omni.isaac.nucleus.nucleus] omni.isaac.nucleus.nucleus has been deprecated in favor of isaacsim.storage.native. Please update your code accordingly.
[27.289s] [ext: omni.isaac.quadruped-3.0.7] startup
2026-06-20T14:37:06Z [27,272ms] [Warning] [omni.isaac.quadruped] omni.isaac.quadruped has been deprecated in favor of isaacsim.robot.policy.examples. Please update your code accordingly.
[27.296s] [ext: omni.isaac.range_sensor-4.0.6] startup
2026-06-20T14:37:06Z [27,284ms] [Warning] [omni.isaac.range_sensor] omni.isaac.range_sensor has been deprecated in favor of isaacsim.sensors.physx. Please update your code accordingly.
2026-06-20T14:37:06Z [27,285ms] [Warning] [omni.isaac.range_sensor.commands] omni.isaac.range_sensor.commands has been deprecated in favor of isaacsim.sensors.physx.commands. Please update your code accordingly.
[27.308s] [ext: omni.isaac.cortex.sample_behaviors-2.0.5] startup
2026-06-20T14:37:06Z [27,295ms] [Warning] [omni.isaac.cortex.sample_behaviors] omni.isaac.cortex.sample_behaviors has been deprecated in favor of isaacsim.cortex.behaviors. Please update your code accordingly.
[27.319s] [ext: isaacsim.asset.importer.mjcf-2.5.13] startup
[27.420s] [ext: omni.asset_validator.core-1.1.6] startup
[27.661s] [ext: omni.isaac.surface_gripper-2.0.6] startup
2026-06-20T14:37:06Z [27,649ms] [Warning] [omni.isaac.surface_gripper] omni.isaac.surface_gripper has been deprecated in favor of isaacsim.robot.surface_gripper. Please update your code accordingly.
[27.670s] [ext: omni.isaac.utils-2.0.6] startup
[27.688s] [ext: omni.isaac.version-2.0.7] startup
2026-06-20T14:37:06Z [27,670ms] [Warning] [omni.isaac.version] omni.isaac.version has been deprecated in favor of isaacsim.core.version. Please update your code accordingly.
[27.690s] [ext: omni.kit.property.audio-1.0.16] startup
[27.706s] [ext: omni.kit.property.camera-1.0.10] startup
[27.718s] [ext: omni.kit.property.geometry-2.0.4] startup
[27.741s] [ext: omni.kit.property.light-1.0.12] startup
[27.772s] [ext: omni.kit.property.material-1.11.9] startup
[27.829s] [ext: isaacsim.app.about-2.0.11] startup
[27.838s] [ext: omni.kit.property.render-1.2.1] startup
[27.841s] [ext: isaacsim.core.cloner-1.4.10] startup
[27.856s] [ext: omni.kit.property.transform-1.5.13] startup
[27.898s] [ext: omni.isaac.wheeled_robots-3.0.7] startup
2026-06-20T14:37:07Z [27,883ms] [Warning] [omni.isaac.wheeled_robots] omni.isaac.wheeled_robots has been deprecated in favor of isaacsim.robot.wheeled_robots. Please update your code accordingly.
2026-06-20T14:37:07Z [27,884ms] [Warning] [omni.isaac.wheeled_robots.controllers] omni.isaac.wheeled_robots has been deprecated in favor of isaacsim.robot.wheeled_robots. Please update your code accordingly.
2026-06-20T14:37:07Z [27,884ms] [Warning] [omni.isaac.wheeled_robots.controllers.ackermann_controller] omni.isaac.wheeled_robots has been deprecated in favor of isaacsim.robot.wheeled_robots. Please update your code accordingly.
2026-06-20T14:37:07Z [27,885ms] [Warning] [omni.isaac.wheeled_robots.controllers.differential_controller] omni.isaac.wheeled_robots has been deprecated in favor of isaacsim.robot.wheeled_robots. Please update your code accordingly.
2026-06-20T14:37:07Z [27,886ms] [Warning] [omni.isaac.wheeled_robots.controllers.holonomic_controller] omni.isaac.wheeled_robots has been deprecated in favor of isaacsim.robot.wheeled_robots. Please update your code accordingly.
2026-06-20T14:37:07Z [27,887ms] [Warning] [omni.isaac.wheeled_robots.controllers.quintic_path_planner] omni.isaac.wheeled_robots has been deprecated in favor of isaacsim.robot.wheeled_robots. Please update your code accordingly.
2026-06-20T14:37:07Z [27,887ms] [Warning] [omni.isaac.wheeled_robots.controllers.stanley_control] omni.isaac.wheeled_robots has been deprecated in favor of isaacsim.robot.wheeled_robots. Please update your code accordingly.
2026-06-20T14:37:07Z [27,888ms] [Warning] [omni.isaac.wheeled_robots.controllers.wheel_base_pose_controller] omni.isaac.wheeled_robots has been deprecated in favor of isaacsim.robot.wheeled_robots. Please update your code accordingly.
2026-06-20T14:37:07Z [27,889ms] [Warning] [omni.isaac.wheeled_robots.impl] omni.isaac.wheeled_robots has been deprecated in favor of isaacsim.robot.wheeled_robots. Please update your code accordingly.
2026-06-20T14:37:07Z [27,889ms] [Warning] [omni.isaac.wheeled_robots.robots] omni.isaac.wheeled_robots has been deprecated in favor of isaacsim.robot.wheeled_robots. Please update your code accordingly.
2026-06-20T14:37:07Z [27,890ms] [Warning] [omni.isaac.wheeled_robots.robots.holonomic_robot_usd_setup] omni.isaac.wheeled_robots has been deprecated in favor of isaacsim.robot.wheeled_robots. Please update your code accordingly.
2026-06-20T14:37:07Z [27,891ms] [Warning] [omni.isaac.wheeled_robots.robots.wheeled_robot] omni.isaac.wheeled_robots has been deprecated in favor of isaacsim.robot.wheeled_robots. Please update your code accordingly.
[27.911s] [ext: omni.isaac.window.about-2.0.7] startup
2026-06-20T14:37:07Z [27,908ms] [Warning] [omni.isaac.window.about] omni.isaac.window.about has been deprecated in favor of isaacsim.app.about. Please update your code accordingly.
2026-06-20T14:37:07Z [27,909ms] [Warning] [omni.isaac.window.about.about] omni.isaac.window.about.about has been deprecated in favor of isaacsim.app.about.about. Please update your code accordingly.
[27.929s] [ext: omni.kit.manipulator.camera-106.0.4] startup
[27.967s] [ext: omni.isaac.cloner-1.0.7] startup
2026-06-20T14:37:07Z [27,949ms] [Warning] [omni.isaac.cloner] omni.isaac.cloner has been deprecated in favor of isaacsim.core.cloner. Please update your code accordingly.
[27.969s] [ext: omni.kit.property.bundle-1.4.1] startup
[27.982s] [ext: omni.kit.window.toolbar-2.0.0] startup
[27.991s] [ext: omni.kit.viewport.menubar.camera-107.0.6] startup
[28.026s] [ext: omni.kit.viewport.menubar.lighting-107.3.1] startup
[28.054s] [ext: isaacsim.replicator.writers-1.0.17] startup
[28.172s] [ext: omni.kit.viewport.menubar.render-107.0.10] startup
[28.225s] [ext: omni.kit.viewport.menubar.settings-107.0.3] startup
[28.275s] [ext: omni.kit.window.console-1.1.4] startup
[28.294s] [ext: isaacsim.simulation_app-2.12.2] startup
[28.301s] [ext: isaacsim.replicator.domain_randomization-1.0.16] startup
[28.313s] [ext: isaacsim.replicator.examples-1.3.6] startup
[28.329s] [ext: omni.ocio-0.1.1] startup
[28.342s] [ext: omni.rtx.window.settings-0.6.19] startup
[28.454s] [ext: omni.kit.window.status_bar-0.1.9] startup
[28.490s] [ext: omni.isaac.kit-2.0.6] startup
2026-06-20T14:37:07Z [28,474ms] [Warning] [omni.isaac.kit] omni.isaac.kit has been deprecated in favor of isaacsim.simulation_app. Please update your code accordingly.
[28.495s] [ext: omni.isaac.franka-1.0.7] startup
2026-06-20T14:37:07Z [28,478ms] [Warning] [omni.isaac.franka] omni.isaac.franka has been deprecated in favor of isaacsim.robot.manipulators.examples.franka. Please update your code accordingly.
2026-06-20T14:37:07Z [28,478ms] [Warning] [omni.isaac.franka.franka] omni.isaac.franka has been deprecated in favor of isaacsim.robot.manipulators.examples.franka. Please update your code accordingly.
2026-06-20T14:37:07Z [28,479ms] [Warning] [omni.isaac.franka.kinematics_solver] omni.isaac.franka has been deprecated in favor of isaacsim.robot.manipulators.examples.franka. Please update your code accordingly.
[28.498s] [ext: omni.replicator.isaac-2.0.8] startup
2026-06-20T14:37:07Z [28,487ms] [Warning] [omni.replicator.isaac] omni.replicator.isaac has been deprecated in favor of isaacsim.replicator.domain_randomization, isaacsim.replicator.examples, isaacsim.replicator.writers. Please update your code accordingly.
[28.507s] [ext: omni.replicator.replicator_yaml-2.0.11] startup
[28.545s] [ext: omni.rtx.settings.core-0.6.5] startup
[28.615s] [ext: isaacsim.robot_motion.lula_test_widget-1.0.12] startup
[28.631s] [ext: omni.usd.metrics.assembler.ui-107.3.1] startup
[28.670s] [ext: omni.isaac.lula-4.0.6] startup
2026-06-20T14:37:07Z [28,652ms] [Warning] [omni.isaac.lula] omni.isaac.lula has been deprecated in favor of isaacsim.robot_motion.lula. Please update your code accordingly.
[28.672s] [ext: omni.kit.ui.actions-1.0.5] startup
[28.685s] [ext: semantics.schema.property-2.0.1] startup
[28.697s] [ext: semantics.schema.editor-2.0.2] startup
[28.719s] [ext: omni.isaac.lula_test_widget-1.0.6] startup
2026-06-20T14:37:07Z [28,701ms] [Warning] [omni.isaac.lula_test_widget] omni.isaac.lula_test_widget has been deprecated in favor of isaacsim.robot_motion.lula_test_widget. Please update your code accordingly.
[28.724s] [ext: isaacsim.core.throttling-2.2.2] startup
[28.734s] [ext: isaacsim.asset.importer.urdf-2.4.30] startup
[28.850s] [ext: isaacsim.sensors.camera.ui-0.2.2] startup
[28.865s] [ext: omni.kit.menu.common-2.0.1] startup
[28.897s] [ext: isaacsim.exp.base-5.1.0] startup
[28.897s] [ext: isaacsim.asset.validation-1.1.0] startup
[28.915s] [ext: isaacsim.util.merge_mesh-2.0.15] startup
[28.929s] [ext: isaacsim.util.physics-1.1.5] startup
[28.952s] [ext: omni.kit.browser.asset-1.3.12] startup
[28.967s] [ext: omni.anim.shared.core-107.0.1] startup
[28.981s] [ext: isaacsim.robot.surface_gripper.ui-3.0.2] startup
[29.008s] [ext: isaacsim.asset.importer.heightmap-2.0.6] startup
[29.032s] [ext: omni.graph.window.action-1.50.2] startup
[29.080s] [ext: omni.kit.stage.copypaste-1.2.4] startup
[29.102s] [ext: omni.importer.onshape-1.0.1] startup
[29.140s] [ext: omni.isaac.block_world-2.0.6] startup
2026-06-20T14:37:08Z [29,132ms] [Warning] [omni.isaac.block_world] ['omni.isaac.block_world'] has been deprecated in favor of ['isaacsim.asset.importer.heightmap']. Please update your code accordingly.
[29.152s] [ext: isaacsim.robot_setup.gain_tuner-3.0.6] startup
[29.270s] [ext: omni.isaac.extension_templates-2.0.7] startup
2026-06-20T14:37:08Z [29,260ms] [Warning] [omni.isaac.extension_templates] omni.isaac.extension_templates has been deprecated in favor of isaacsim.examples.extension. Please update your code accordingly.
[29.280s] [ext: isaacsim.robot_setup.grasp_editor-2.0.20] startup
[29.321s] [ext: isaacsim.asset.gen.omap-2.0.29] startup
[29.384s] [ext: omni.isaac.gain_tuner-2.0.5] startup
[29.385s] [ext: isaacsim.replicator.grasping-1.0.9] startup
[33.213s] [ext: omni.isaac.grasp_editor-2.0.7] startup
2026-06-20T14:37:12Z [33,201ms] [Warning] [omni.isaac.grasp_editor] omni.isaac.grasp_editor has been deprecated in favor of isaacsim.robot_setup.grasp_editor. Please update your code accordingly.
[33.222s] [ext: omni.isaac.occupancy_map-2.0.8] startup
2026-06-20T14:37:12Z [33,211ms] [Warning] [omni.isaac.occupancy_map] omni.isaac.occupancy_map has been deprecated in favor of isaacsim.asset.gen.omap. Please update your code accordingly.
[33.233s] [ext: isaacsim.sensors.physics.ui-0.1.12] startup
[33.252s] [ext: isaacsim.replicator.grasping.ui-1.0.8] startup
[33.279s] [ext: isaacsim.robot_setup.assembler-3.0.11] startup
[33.327s] [ext: isaacsim.robot_setup.xrdf_editor-3.1.11] startup
[33.385s] [ext: isaacsim.util.camera_inspector-1.0.16] startup
[33.398s] [ext: isaacsim.replicator.scene_blox-1.0.8] startup
2026-06-20T14:37:12Z [33,388ms] [Warning] [isaacsim.replicator.scene_blox] isacsim.replicator.scene_blox has been deprecated since Isaac Sim 5.0.0.
[33.408s] [ext: isaacsim.replicator.synthetic_recorder-2.2.17] startup
[33.432s] [ext: omni.isaac.robot_assembler-2.0.8] startup
2026-06-20T14:37:12Z [33,421ms] [Warning] [omni.isaac.robot_assembler] omni.isaac.robot_assembler has been deprecated in favor of isaacsim.robot_setup.assembler. Please update your code accordingly.
[33.442s] [ext: omni.isaac.robot_description_editor-3.0.5] startup
[33.448s] [ext: omni.kit.actions.window-1.1.3] startup
[33.488s] [ext: omni.isaac.scene_blox-1.0.6] startup
2026-06-20T14:37:12Z [33,474ms] [Warning] [omni.isaac.scene_blox] omni.isaac.scene_blox has been deprecated in favor of isaacsim.replicator.scene_blox. Please update your code accordingly.
[33.493s] [ext: omni.isaac.synthetic_recorder-2.0.6] startup
2026-06-20T14:37:12Z [33,483ms] [Warning] [omni.isaac.synthetic_recorder] omni.isaac.synthetic_recorder has been deprecated in favor of isaacsim.replicator.synthetic_recorder. Please update your code accordingly.
[33.502s] [ext: omni.isaac.throttling-2.0.7] startup
2026-06-20T14:37:12Z [33,491ms] [Warning] [omni.isaac.throttling] omni.isaac.throttling has been deprecated in favor of isaacsim.core.throttling. Please update your code accordingly.
2026-06-20T14:37:12Z [33,492ms] [Warning] [omni.isaac.throttling.throttling] omni.isaac.throttling.throttling has been deprecated in favor of isaacsim.core.throttling.extension. Please update your code accordingly.
[33.514s] [ext: omni.kit.core.collection-0.2.3] startup
[33.535s] [ext: omni.kit.hotkeys.window-1.4.9] startup
[33.609s] [ext: omni.kit.mesh.raycast-107.0.1] startup
[33.620s] [ext: omni.kit.preferences.animation-1.2.0] startup
[33.668s] [ext: omni.graph.bundle.action-2.30.0] startup
[33.682s] [ext: omni.kit.property.collection-0.2.3] startup
[33.691s] [ext: omni.kit.property.layer-1.1.9] startup
[33.718s] [ext: omni.mdl.usd_converter-1.0.30] startup
[33.779s] [ext: omni.kit.stagerecorder.core-107.0.3] startup
[33.796s] [ext: omni.kit.search.files-1.0.4] startup
[33.812s] [ext: omni.kit.browser.material-1.6.2] startup
[33.868s] [ext: omni.simready.explorer-1.1.3] startup
[34.062s] [ext: omni.kit.widgets.custom-1.0.13] startup
[34.212s] [ext: omni.kit.stage.mdl_converter-1.0.8] startup
[34.222s] [ext: omni.kit.stagerecorder.ui-107.0.1] startup
[34.265s] [ext: omni.kit.tool.remove_unused.core-0.1.3] startup
[34.287s] [ext: omni.kit.window.material-1.7.2] startup
[34.395s] [ext: omni.kit.stage_column.payload-2.0.3] startup
[34.417s] [ext: omni.kit.variant.editor-107.5.3] startup
[34.622s] [ext: omni.kit.stage_column.variant-1.0.17] startup
[34.644s] [ext: omni.kit.stagerecorder.bundle-105.0.2] startup
[34.648s] [ext: omni.kit.tool.asset_exporter-4.0.5] startup
[34.669s] [ext: omni.kit.tool.remove_unused.controller-0.1.4] startup
[34.685s] [ext: omni.kit.usda_edit-1.1.18] startup
[34.769s] [ext: omni.kit.variant.presenter-107.0.0] startup
[34.825s] [ext: omni.kit.viewport.bundle-104.0.1] startup
[34.829s] [ext: omni.kit.widget.live-2.1.11] startup
[34.854s] [ext: omni.services.transport.client.base-1.2.4] startup
[34.865s] [ext: omni.kit.widget.calendar-1.0.9] startup
[34.895s] [ext: isaacsim.asset.gen.omap.ui-2.2.3] startup
[34.916s] [ext: omni.kit.viewport.rtx-104.0.1] startup
[34.917s] [ext: omni.kit.viewport_widgets_manager-1.0.9] startup
[34.949s] [ext: omni.kit.widget.cache_indicator-3.0.7] startup
2026-06-20T14:37:14Z [34,933ms] [Warning] [omni.kit.pipapi.pipapi] extension omni.kit.widget.cache_indicator-3.0.7 has a [python.pipapi] entry, but use_online_index=true is not set. It doesn't do anything and can be removed.
2026-06-20T14:37:14Z [35,387ms] [Warning] [omni.kit.widget.cache_indicator.cache_state_menu] Unable to detect Omniverse Cache Server. File /root/.nvidia-omniverse/config/omniverse.toml is not found. Consider installing it for better IO performance.
[35.407s] [ext: omni.services.client-0.5.3] startup
[35.443s] [ext: omni.kit.widget.extended_searchfield-1.0.31] startup
[36.422s] [ext: omni.isaac.occupancy_map.ui-2.0.8] startup
2026-06-20T14:37:15Z [36,411ms] [Warning] [omni.isaac.occupancy_map.ui] omni.isaac.occupancy_map.ui has been deprecated in favor of isaacsim.asset.gen.omap.ui. Please update your code accordingly.
[36.431s] [ext: isaacsim.sensors.physx.examples-2.2.15] startup
[36.457s] [ext: omni.physx.demos-107.3.26] startup
[36.675s] [ext: omni.kit.property.physx-107.3.26] startup
[36.784s] [ext: omni.usdex.libs-1.2.2] startup
[36.806s] [ext: omni.scene.optimizer.core-107.3.12] startup
[36.890s] [ext: omni.kit.widget.schema_api-1.0.3] startup
[36.897s] [ext: omni.isaac.range_sensor.examples-2.0.6] startup
2026-06-20T14:37:16Z [36,883ms] [Warning] [omni.isaac.range_sensor.examples] omni.isaac.range_sensor.examples has been deprecated in favor of isaacsim.sensors.physx.examples. Please update your code accordingly.
2026-06-20T14:37:16Z [36,884ms] [Warning] [omni.isaac.range_sensor.examples.lidar_info] omni.isaac.range_sensor.examples.lidar_info has been deprecated in favor of isaacsim.sensors.physx.examples.lidar_info. Please update your code accordingly.
2026-06-20T14:37:16Z [36,884ms] [Warning] [omni.isaac.range_sensor.examples.generic_info] omni.isaac.range_sensor.examples.generic_info has been deprecated in favor of isaacsim.sensors.physx.examples.generic_info. Please update your code accordingly.
[36.904s] [ext: omni.physx.vehicle-107.3.26] startup
[37.053s] [ext: omni.services.facilities.monitoring.progress-0.2.4] startup
[37.071s] [ext: omni.services.transport.client.http_async-1.4.0] startup
[37.077s] [ext: omni.kit.converter.common-507.1.2] startup
[37.094s] [ext: omni.kit.window.commands-0.2.9] startup
[37.103s] [ext: omni.kit.widget.timeline-107.0.1] startup
[37.130s] [ext: omni.asset_validator.ui-1.1.6] startup
[37.194s] [ext: omni.physx.asset_validator-107.3.26] startup
[37.255s] [ext: isaacsim.sensors.physx.ui-2.3.0] startup
[37.263s] [ext: omni.services.convert.cad-507.0.2] startup
[37.286s] [ext: omni.physx.camera-107.3.26] startup
[37.312s] [ext: omni.physx.cct-107.3.26] startup
[37.348s] [ext: omni.physx.graph-107.3.26] startup
[37.426s] [ext: omni.physx.supportui-107.3.26] startup
[37.566s] [ext: omni.physx.telemetry-107.3.26] startup
[37.590s] [ext: omni.isaac.range_sensor.ui-2.0.5] startup
2026-06-20T14:37:16Z [37,578ms] [Warning] [omni.isaac.range_sensor.ui] omni.isaac.range_sensor.ui has been deprecated in favor of isaacsim.sensors.physx.ui. Please update your code accordingly.
2026-06-20T14:37:16Z [37,582ms] [Warning] [omni.isaac.range_sensor.ui.menu] omni.isaac.range_sensor.ui.menu has been deprecated in favor of isaacsim.sensors.physx.ui.menu. Please update your code accordingly.
[37.602s] [ext: omni.kit.converter.dgn_core-510.1.0] startup
[37.807s] [ext: omni.kit.converter.hoops_core-509.1.0] startup
[37.914s] [ext: omni.kit.converter.jt_core-508.1.0] startup
[38.011s] [ext: omni.services.facilities.monitoring.metrics-0.3.0] startup
[38.075s] [ext: omni.kit.window.usd_paths-1.0.8] startup
[38.083s] [ext: omni.physx.bundle-107.3.26] startup
[38.086s] [ext: omni.kit.widget.collection-0.3.1] startup
[38.116s] [ext: omni.kit.converter.dgn-509.1.0] startup
[38.135s] [ext: omni.kit.converter.hoops-509.1.0] startup
[38.152s] [ext: omni.kit.converter.jt-508.1.0] startup
[38.159s] [ext: omni.services.convert.asset-508.0.2] startup
[38.185s] [ext: omni.kit.quicklayout-1.0.8] startup
[38.195s] [ext: omni.kit.window.title-1.1.7] startup
[38.199s] [ext: omni.kit.window.collection-0.3.1] startup
2026-06-20T14:37:17Z [38,190ms] [Warning] [omni.kit.window.collection.collection_watch] Get collection from usdrt stage failed: Attach(): incompatible function arguments. The following argument types are supported:
    1. (stageId: int) -> usdrt.Usd._Usd.Stage
    2. (fabricId: usdrt.helpers._helpers.FabricId) -> usdrt.Usd._Usd.Stage

Invoked with: -1
[38.209s] [ext: omni.isaac.physics_inspector-0.1.11] startup
2026-06-20T14:37:17Z [38,195ms] [Warning] [omni.isaac.physics_inspector] omni.isaac.physics_inspector has been deprecated.Replaced by Physics Visualization tools
[38.216s] [ext: isaacsim.sensors.rtx.ui-1.1.6] startup
[38.220s] [ext: isaacsim.replicator.behavior.ui-1.0.5] startup
[38.234s] [ext: omni.kit.converter.cad-205.0.0] startup
[38.234s] [ext: omni.kit.window.stats-0.1.7] startup
[38.241s] [ext: isaacsim.app.setup-1.6.0] startup
[38.246s] Isaac Sim Full Streaming Version: 5.1.0-rc.19
[38.247s] [ext: omni.kit.profiler.window-2.3.5] startup
[38.846s] [ext: isaacsim.exp.full-5.1.0] startup
[38.853s] [ext: isaacsim.exp.full.streaming-5.1.0] startup
2026-06-20T14:37:18Z [38,896ms] [Warning] [gpu.foundation.plugin] Invalid sync scope for buffer resource 'shared swapchain buffer'. Create resource with valid sync scope for lifetime tracking or use kResourceUsageFlagNoSyncScope.
2026-06-20T14:37:18Z [38,897ms] [Warning] [gpu.foundation.plugin] Invalid sync scope for buffer resource 'shared swapchain buffer'. Create resource with valid sync scope for lifetime tracking or use kResourceUsageFlagNoSyncScope.
2026-06-20T14:37:18Z [38,897ms] [Warning] [gpu.foundation.plugin] Invalid sync scope for buffer resource 'shared swapchain buffer'. Create resource with valid sync scope for lifetime tracking or use kResourceUsageFlagNoSyncScope.
[39.087s] [ext: isaacsim.ros2.bridge-4.12.4] startup
[39.178s] Attempting to load system rclpy
[39.178s] Could not import system rclpy: No module named 'rclpy'
[39.178s] Attempting to load internal rclpy for ROS Distro: jazzy
[39.257s] rclpy loaded
2026-06-20T14:37:18Z [39,732ms] [Warning] [omni.fabric.plugin] Warning: attribute viewportHandle not found for bucket id b

2026-06-20T14:37:19Z [40,209ms] [Warning] [carb.graphics-vulkan.plugin] Trying to initialize NGX without vkGetInstanceProcAddr and vkGetDeviceProcAddr pointer-to-functions.
2026-06-20T14:37:19Z [40,211ms] [Warning] [carb.scenerenderer-rtx.plugin] Failed to create NGX context.
2026-06-20T14:37:19Z [40,210ms] [Error] [carb.graphics-vulkan.plugin] Could not get NGX parameters block because NGX isn't enabled.
2026-06-20T14:37:19Z [40,211ms] [Error] [carb.graphics-vulkan.plugin] Failed to create NGX context.
[40.560s] app ready
2026-06-20T14:37:21Z [41,887ms] [Warning] [omni.kit.imgui_renderer.plugin] _createExtendCursor: No windowing.
2026-06-20T14:37:21Z [41,887ms] [Warning] [omni.kit.imgui_renderer.plugin] _createExtendCursor: No windowing.
[344.305s] Isaac Sim Full Streaming App is loaded.
