[INFO][AppLauncher]: Using device: cuda:0
[INFO][AppLauncher]: Loading experience file: /workspace/isaaclab/apps/isaaclab.python.headless.kit
[Info] [carb] Logging to file: /isaac-sim/kit/logs/Kit/Isaac-Sim/5.1/kit_20260620_152211.log
2026-06-20T15:22:11Z [785ms] [Warning] [omni.platforminfo.plugin] failed to open the default display.  Can't verify X Server version.
2026-06-20T15:22:11Z [810ms] [Warning] [omni.usd_config.extension] Enable omni.materialx.libs extension to use MaterialX
2026-06-20T15:22:13Z [2,047ms] [Warning] [carb] Acquiring non optional plugin interface which is not listed as dependency: [omni::physx::IPhysxBenchmarks v1.0] (plugin: <default plugin>), by client: omni.physics.physx.plugin. Add it to CARB_PLUGIN_IMPL_DEPS() macro of a client.
2026-06-20T15:22:13Z [2,677ms] [Warning] [omni.isaac.dynamic_control] omni.isaac.dynamic_control is deprecated as of Isaac Sim 4.5. No action is needed from end-users.

|---------------------------------------------------------------------------------------------|
| Driver Version: 580.159.03    | Graphics API: Vulkan
|=============================================================================================|
| GPU | Name                             | Active | LDA | GPU Memory | Vendor-ID | LUID       |
|     |                                  |        |     |            | Device-ID | UUID       |
|     |                                  |        |     |            | Bus-ID    |            |
|---------------------------------------------------------------------------------------------|
| 0   | NVIDIA L4                        | Yes: 0 |     | 23034   MB | 10de      | 0          |
|     |                                  |        |     |            | 27b8      | 1834a8c7.. |
|     |                                  |        |     |            | 0         |            |
|=============================================================================================|
| OS: 24.04.2 LTS (Noble Numbat) ubuntu, Version: 24.04.2, Kernel: 6.8.0-1007-gcp
| Processor: Intel(R) Xeon(R) CPU @ 2.20GHz
| Cores: 4 | Logical Cores: 8
|---------------------------------------------------------------------------------------------|
| Total Memory (MB): 32093 | Free Memory: 28266
| Total Page/Swap (MB): 16383 | Free Page/Swap: 0
|---------------------------------------------------------------------------------------------|
cat: '/sys/devices/system/cpu/cpu*/cpufreq/scaling_governor': No such file or directory
2026-06-20T15:22:22Z [11,274ms] [Warning] [gpu.foundation.plugin] ECC is enabled on physical device 0
2026-06-20T15:22:28Z [17,736ms] [Warning] [isaaclab.envs.manager_based_env] Seed not set for the environment. The environment creation may not be deterministic.

[36m======================================================================================[0m
[36m[1m[INFO][IsaacLab]: Logging to file: /tmp/isaaclab/logs/isaaclab_2026-06-20_15-22-28.log[0m
[36m======================================================================================[0m

[33m15:22:28 [simulation_context.py] WARNING: The `enable_external_forces_every_iteration` parameter in the PhysxCfg is set to False. If you are experiencing noisy velocities, consider enabling this flag. You may need to slightly increase the number of velocity iterations (setting it to 1 or 2 rather than 0), together with this flag, to improve the accuracy of velocity updates.[0m
[INFO]: Base environment:
	Environment device    : cuda:0
	Environment seed      : None
	Physics step-size     : 0.005
	Rendering step-size   : 0.005
	Environment step-size : 0.02
[33m15:22:28 [manager_based_env.py] WARNING: The render interval (1) is smaller than the decimation (4). Multiple render calls will happen for each environment step. If this is not intended, set the render interval to be equal to the decimation.[0m
[INFO]: Time taken for scene creation : 1.115588 seconds
[INFO]: Scene manager:  <class InteractiveScene>
	Number of environments: 16
	Environment spacing   : 4.0
	Source prim name      : /World/envs/env_0
	Global prim paths     : []
	Replicate physics     : True
[INFO]: Starting the simulation. This may take a few seconds. Please wait...
[INFO]: Time taken for simulation start : 0.993193 seconds
[INFO] Command Manager:  <CommandManager> contains 0 active terms.
+------------------------+
|  Active Command Terms  |
+--------+-------+-------+
| Index  | Name  |  Type |
+--------+-------+-------+
+--------+-------+-------+

[INFO] Event Manager:  <EventManager> contains 1 active terms.
+----------------------------------+
| Active Event Terms in Mode: 'reset' |
+------------+---------------------+
|   Index    | Name                |
+------------+---------------------+
|     0      | reset_pose          |
+------------+---------------------+

[INFO] Recorder Manager:  <RecorderManager> contains 0 active terms.
+---------------------+
| Active Recorder Terms |
+-----------+---------+
|   Index   | Name    |
+-----------+---------+
+-----------+---------+

[INFO] Action Manager:  <ActionManager> contains 1 active terms.
+------------------------------------+
|  Active Action Terms (shape: 37)   |
+--------+-------------+-------------+
| Index  | Name        |   Dimension |
+--------+-------------+-------------+
|   0    | joint_pos   |          37 |
+--------+-------------+-------------+

[INFO] Observation Manager: <ObservationManager> contains 1 groups.
+--------------------------------------------------------+
| Active Observation Terms in Group: 'policy' (shape: (126,)) |
+-------------+----------------------------+-------------+
|    Index    | Name                       |    Shape    |
+-------------+----------------------------+-------------+
|      0      | joint_pos                  |    (37,)    |
|      1      | joint_vel                  |    (37,)    |
|      2      | base_ang_vel               |     (3,)    |
|      3      | proj_gravity               |     (3,)    |
|      4      | last_action                |    (37,)    |
|      5      | board_pitch                |     (1,)    |
|      6      | rope_force                 |     (3,)    |
|      7      | handle_rel                 |     (3,)    |
|      8      | v_pull                     |     (1,)    |
|      9      | phase                      |     (1,)    |
+-------------+----------------------------+-------------+

[INFO] Termination Manager:  <TerminationManager> contains 3 active terms.
+--------------------------------+
|    Active Termination Terms    |
+-------+-------------+----------+
| Index | Name        | Time Out |
+-------+-------------+----------+
|   0   | timeout     |   True   |
|   1   | board_range |  False   |
|   2   | fell        |  False   |
+-------+-------------+----------+

[INFO] Reward Manager:  <RewardManager> contains 17 active terms.
+-----------------------------------------+
|           Active Reward Terms           |
+-------+-----------------------+---------+
| Index | Name                  |  Weight |
+-------+-----------------------+---------+
|   0   | pelvis_height         |     2.0 |
|   1   | height_progress       |     1.5 |
|   2   | uprightness           |     2.0 |
|   3   | survival              |     0.5 |
|   4   | forward_glide         |     1.0 |
|   5   | success_bonus         |    50.0 |
|   6   | board_positive_angle  |     1.5 |
|   7   | arms_straight         |     1.0 |
|   8   | handle_at_hips        |     0.8 |
|   9   | lean_back_moderate    |     0.7 |
|   10  | knee_bend_maintained  |     0.8 |
|   11  | pen_stand_too_fast    |    -1.0 |
|   12  | pen_pull_against_rope |    -1.0 |
|   13  | pen_torque            | -0.0001 |
|   14  | pen_action_rate       |   -0.01 |
|   15  | pen_action_accel      |  -0.001 |
|   16  | pen_dof_pos_limits    |    -5.0 |
+-------+-----------------------+---------+

[INFO] Curriculum Manager:  <CurriculumManager> contains 0 active terms.
+----------------------+
| Active Curriculum Terms |
+-----------+----------+
|   Index   | Name     |
+-----------+----------+
+-----------+----------+

[INFO]: Completed setting up the environment...
Traceback (most recent call last):
  File "/workspace/wakeboarding-experiment/src/tasks/wakeboard_start_cfg.py", line 216, in _resolve_g1_indices
    self._hand_body_ids = robot.find_bodies(G1_HAND_LINKS)[0]
                          ^^^^^^^^^^^^^^^^^^^^^^^^^^^^^^^^
  File "/workspace/isaaclab/source/isaaclab/isaaclab/assets/articulation/articulation.py", line 286, in find_bodies
    return string_utils.resolve_matching_names(name_keys, self.body_names, preserve_order)
           ^^^^^^^^^^^^^^^^^^^^^^^^^^^^^^^^^^^^^^^^^^^^^^^^^^^^^^^^^^^^^^^^^^^^^^^^^^^^^^^
  File "/workspace/isaaclab/source/isaaclab/isaaclab/utils/string.py", line 267, in resolve_matching_names
    raise ValueError(
ValueError: Not all regular expressions are matched! Please check that the regular expressions are correct: 
	left_rubber_hand: []
	right_rubber_hand: []
Available strings: ['pelvis', 'left_hip_pitch_link', 'pelvis_contour_link', 'right_hip_pitch_link', 'torso_link', 'left_hip_roll_link', 'right_hip_roll_link', 'head_link', 'imu_link', 'left_shoulder_pitch_link', 'logo_link', 'right_shoulder_pitch_link', 'left_hip_yaw_link', 'right_hip_yaw_link', 'left_shoulder_roll_link', 'right_shoulder_roll_link', 'left_knee_link', 'right_knee_link', 'left_shoulder_yaw_link', 'right_shoulder_yaw_link', 'left_ankle_pitch_link', 'right_ankle_pitch_link', 'left_elbow_pitch_link', 'right_elbow_pitch_link', 'left_ankle_roll_link', 'right_ankle_roll_link', 'left_elbow_roll_link', 'right_elbow_roll_link', 'left_palm_link', 'right_palm_link', 'left_five_link', 'left_three_link', 'left_zero_link', 'right_five_link', 'right_three_link', 'right_zero_link', 'left_six_link', 'left_four_link', 'left_one_link', 'right_six_link', 'right_four_link', 'right_one_link', 'left_two_link', 'right_two_link']


During handling of the above exception, another exception occurred:

Traceback (most recent call last):
  File "/workspace/wakeboarding-experiment/train.py", line 122, in <module>
    main()
  File "/workspace/wakeboarding-experiment/train.py", line 55, in main
    env = WakeboardStartEnv(env_cfg)
          ^^^^^^^^^^^^^^^^^^^^^^^^^^
  File "/workspace/wakeboarding-experiment/src/tasks/wakeboard_start_cfg.py", line 208, in __init__
    self._resolve_g1_indices()
  File "/workspace/wakeboarding-experiment/src/tasks/wakeboard_start_cfg.py", line 219, in _resolve_g1_indices
    self._hand_body_ids = robot.find_bodies([".*_wrist_yaw_link"])[0]
                          ^^^^^^^^^^^^^^^^^^^^^^^^^^^^^^^^^^^^^^^^
  File "/workspace/isaaclab/source/isaaclab/isaaclab/assets/articulation/articulation.py", line 286, in find_bodies
    return string_utils.resolve_matching_names(name_keys, self.body_names, preserve_order)
           ^^^^^^^^^^^^^^^^^^^^^^^^^^^^^^^^^^^^^^^^^^^^^^^^^^^^^^^^^^^^^^^^^^^^^^^^^^^^^^^
  File "/workspace/isaaclab/source/isaaclab/isaaclab/utils/string.py", line 267, in resolve_matching_names
    raise ValueError(
ValueError: Not all regular expressions are matched! Please check that the regular expressions are correct: 
	.*_wrist_yaw_link: []
Available strings: ['pelvis', 'left_hip_pitch_link', 'pelvis_contour_link', 'right_hip_pitch_link', 'torso_link', 'left_hip_roll_link', 'right_hip_roll_link', 'head_link', 'imu_link', 'left_shoulder_pitch_link', 'logo_link', 'right_shoulder_pitch_link', 'left_hip_yaw_link', 'right_hip_yaw_link', 'left_shoulder_roll_link', 'right_shoulder_roll_link', 'left_knee_link', 'right_knee_link', 'left_shoulder_yaw_link', 'right_shoulder_yaw_link', 'left_ankle_pitch_link', 'right_ankle_pitch_link', 'left_elbow_pitch_link', 'right_elbow_pitch_link', 'left_ankle_roll_link', 'right_ankle_roll_link', 'left_elbow_roll_link', 'right_elbow_roll_link', 'left_palm_link', 'right_palm_link', 'left_five_link', 'left_three_link', 'left_zero_link', 'right_five_link', 'right_three_link', 'right_zero_link', 'left_six_link', 'left_four_link', 'left_one_link', 'right_six_link', 'right_four_link', 'right_one_link', 'left_two_link', 'right_two_link']

2026-06-20T15:22:31Z [19,992ms] [Warning] [omni.physx.plugin] USD stage detach not called, holding a loose ptr to a stage!
2026-06-20T15:22:31Z [20,442ms] [Warning] [carb] Recursive unloadAllPlugins() detected!
SMOKE OK if a model_*.pt was written under runs/wakeboard_smoke/
