| 2026-06-20 18:43:46 |  | 199/200 | rew=1.28 fell=0.7318 br=0.1589 to=0.1250 len=3.05 |  |
| 2026-06-20 18:44:05 |  | 199/200 | rew=1.28 fell=0.7318 br=0.1589 to=0.1250 len=3.05 |  |
| 2026-06-20 18:53:46 |  | 199/200 | rew=1.28 fell=0.7318 br=0.1589 to=0.1250 len=3.05 |  |
| 2026-06-20 19:03:46 |  | 199/200 | rew=1.28 fell=0.7318 br=0.1589 to=0.1250 len=3.05 |  |
| 2026-06-20 19:13:46 |  | 199/200 | rew=1.28 fell=0.7318 br=0.1589 to=0.1250 len=3.05 |  |
| 2026-06-20 19:23:47 |  | 199/200 | rew=1.28 fell=0.7318 br=0.1589 to=0.1250 len=3.05 |  |
| 2026-06-20 19:33:47 |  | 199/200 | rew=1.28 fell=0.7318 br=0.1589 to=0.1250 len=3.05 |  |
| 2026-06-20 19:43:47 |  | 199/200 | rew=1.28 fell=0.7318 br=0.1589 to=0.1250 len=3.05 |  |
| 2026-06-20 19:53:47 |  | 199/200 | rew=1.28 fell=0.7318 br=0.1589 to=0.1250 len=3.05 |  |
| 2026-06-20 20:03:47 |  |  | rew= fell= br= to= len= |  |
| 2026-06-20 20:13:47 | 0h01m | 42/100 | rew=1.50 fell=0.8802 br=0.1328 to=0.0000 len=3.32 | Up About a minute |
| 2026-06-20 20:23:48 |  | 386/397 | rew=-32516368966850915419524431872.00 fell=0.3151 br=0.8099 to=0.0000 len=2.70 |  |
| 2026-06-20 20:33:48 |  | 386/397 | rew=-32516368966850915419524431872.00 fell=0.3151 br=0.8099 to=0.0000 len=2.70 |  |
| 2026-06-20 20:43:49 | 0h01m | 386/397 | rew=-32516368966850915419524431872.00 fell=0.3151 br=0.8099 to=0.0000 len=2.70 | Up About a minute |
| 2026-06-20 20:53:49 | 0h00m | 386/397 | rew=-32516368966850915419524431872.00 fell=0.3151 br=0.8099 to=0.0000 len=2.70 | Up 16 seconds |
| 2026-06-20 21:03:50 |  | 386/397 | rew=-32516368966850915419524431872.00 fell=0.3151 br=0.8099 to=0.0000 len=2.70 |  |
| 2026-06-20 21:13:50 |  | 386/397 | rew=-32516368966850915419524431872.00 fell=0.3151 br=0.8099 to=0.0000 len=2.70 |  |
| 2026-06-20 21:23:50 |  | 386/397 | rew=-32516368966850915419524431872.00 fell=0.3151 br=0.8099 to=0.0000 len=2.70 |  |
| 2026-06-20 21:33:51 |  | 386/397 | rew=-32516368966850915419524431872.00 fell=0.3151 br=0.8099 to=0.0000 len=2.70 |  |
| 2026-06-20 21:43:51 |  | 386/397 | rew=-32516368966850915419524431872.00 fell=0.3151 br=0.8099 to=0.0000 len=2.70 |  |
| 2026-06-20 21:53:51 | 0h02m | 386/397 | rew=-32516368966850915419524431872.00 fell=0.3151 br=0.8099 to=0.0000 len=2.70 | Up 2 minutes |
| 2026-06-20 22:03:51 | 0h12m | 386/397 | rew=-32516368966850915419524431872.00 fell=0.3151 br=0.8099 to=0.0000 len=2.70 | Up 12 minutes |
| 2026-06-20 22:13:52 | 0h22m | 386/397 | rew=-32516368966850915419524431872.00 fell=0.3151 br=0.8099 to=0.0000 len=2.70 | Up 22 minutes |
| 2026-06-20 22:23:52 |  | 386/397 | rew=-32516368966850915419524431872.00 fell=0.3151 br=0.8099 to=0.0000 len=2.70 |  |
| 2026-06-20 22:33:52 |  | 386/397 | rew=-32516368966850915419524431872.00 fell=0.3151 br=0.8099 to=0.0000 len=2.70 |  |
| 2026-06-20 22:43:53 | 0h05m | 386/397 | rew=-32516368966850915419524431872.00 fell=0.3151 br=0.8099 to=0.0000 len=2.70 | Up 5 minutes |
| 2026-06-20 22:53:53 | 0h15m | 386/397 | rew=-32516368966850915419524431872.00 fell=0.3151 br=0.8099 to=0.0000 len=2.70 | Up 15 minutes |
| 2026-06-20 23:03:53 | 0h04m | 54/99 | rew=-260646748235972864.00 fell=0.6641 br=0.3594 to=0.0000 len=3.13 | Up 4 minutes |
| 2026-06-20 23:13:53 | 0h14m | 54/99 | rew=-260646748235972864.00 fell=0.6641 br=0.3594 to=0.0000 len=3.13 | Up 14 minutes |
| 2026-06-20 23:23:53 | 0h24m | 54/99 | rew=-260646748235972864.00 fell=0.6641 br=0.3594 to=0.0000 len=3.13 | Up 24 minutes |
| 2026-06-20 23:33:54 | 0h34m | 54/99 | rew=-260646748235972864.00 fell=0.6641 br=0.3594 to=0.0000 len=3.13 | Up 34 minutes |
| 2026-06-20 23:43:54 | 0h44m | 54/99 | rew=-260646748235972864.00 fell=0.6641 br=0.3594 to=0.0000 len=3.13 | Up 44 minutes |
| 2026-06-20 23:53:54 | 0h54m | 54/99 | rew=-260646748235972864.00 fell=0.6641 br=0.3594 to=0.0000 len=3.13 | Up 54 minutes |
| 2026-06-21 00:03:54 | 1h04m | 54/99 | rew=-260646748235972864.00 fell=0.6641 br=0.3594 to=0.0000 len=3.13 | Up About an hour |
| 2026-06-21 00:13:54 | 1h14m | 54/99 | rew=-260646748235972864.00 fell=0.6641 br=0.3594 to=0.0000 len=3.13 | Up About an hour |
| 2026-06-21 00:23:54 | 1h24m | 54/99 | rew=-260646748235972864.00 fell=0.6641 br=0.3594 to=0.0000 len=3.13 | Up About an hour |
| 2026-06-21 00:33:54 | 1h34m | 54/99 | rew=-260646748235972864.00 fell=0.6641 br=0.3594 to=0.0000 len=3.13 | Up 2 hours |
| 2026-06-21 00:43:54 | 1h44m | 54/99 | rew=-260646748235972864.00 fell=0.6641 br=0.3594 to=0.0000 len=3.13 | Up 2 hours |
| 2026-06-21 00:53:55 | 1h54m | 54/99 | rew=-260646748235972864.00 fell=0.6641 br=0.3594 to=0.0000 len=3.13 | Up 2 hours |
| 2026-06-21 01:03:55 | 2h04m | 54/99 | rew=-260646748235972864.00 fell=0.6641 br=0.3594 to=0.0000 len=3.13 | Up 2 hours |
| 2026-06-21 01:13:55 | 2h14m | 54/99 | rew=-260646748235972864.00 fell=0.6641 br=0.3594 to=0.0000 len=3.13 | Up 2 hours |
| 2026-06-21 01:23:55 | 2h24m | 54/99 | rew=-260646748235972864.00 fell=0.6641 br=0.3594 to=0.0000 len=3.13 | Up 2 hours |
| 2026-06-21 01:33:55 | 2h34m | 54/99 | rew=-260646748235972864.00 fell=0.6641 br=0.3594 to=0.0000 len=3.13 | Up 3 hours |
| 2026-06-21 01:43:55 | 2h44m | 54/99 | rew=-260646748235972864.00 fell=0.6641 br=0.3594 to=0.0000 len=3.13 | Up 3 hours |
| 2026-06-21 01:53:55 | 2h54m | 54/99 | rew=-260646748235972864.00 fell=0.6641 br=0.3594 to=0.0000 len=3.13 | Up 3 hours |
| 2026-06-21 02:03:56 | 3h04m | 54/99 | rew=-260646748235972864.00 fell=0.6641 br=0.3594 to=0.0000 len=3.13 | Up 3 hours |
| 2026-06-21 02:13:56 | 3h14m | 54/99 | rew=-260646748235972864.00 fell=0.6641 br=0.3594 to=0.0000 len=3.13 | Up 3 hours |
| 2026-06-21 02:23:56 | 3h24m | 54/99 | rew=-260646748235972864.00 fell=0.6641 br=0.3594 to=0.0000 len=3.13 | Up 3 hours |
